Using pre-set license
Built from '2021.3/staging' branch; Version is '2021.3.0f1 (6eacc8284459) revision 7253192'; Using compiler version '192829333'; Build Type 'Release'
OS: 'Windows 10  (10.0.19044) 64bit Professional' Language: 'fr' Physical Memory: 16307 MB
BatchMode: 1, IsHumanControllingUs: 0, StartBugReporterOnCrash: 0, Is64bit: 1, IsPro: 1

COMMAND LINE ARGUMENTS:
C:\Program Files\Unity\Hub\Editor\2021.3.0f1\Editor\Unity.exe
-adb2
-batchMode
-noUpm
-name
AssetImportWorker0
-projectPath
D:/Programmation/Unity/prototypes/PonyTriad
-logFile
Logs/AssetImportWorker0.log
-srvPort
63378
Successfully changed project path to: D:/Programmation/Unity/prototypes/PonyTriad
D:/Programmation/Unity/prototypes/PonyTriad
[UnityMemory] Configuration Parameters - Can be set up in boot.config
    "memorysetup-bucket-allocator-granularity=16"
    "memorysetup-bucket-allocator-bucket-count=8"
    "memorysetup-bucket-allocator-block-size=33554432"
    "memorysetup-bucket-allocator-block-count=8"
    "memorysetup-main-allocator-block-size=16777216"
    "memorysetup-thread-allocator-block-size=16777216"
    "memorysetup-gfx-main-allocator-block-size=16777216"
    "memorysetup-gfx-thread-allocator-block-size=16777216"
    "memorysetup-cache-allocator-block-size=4194304"
    "memorysetup-typetree-allocator-block-size=2097152"
    "memorysetup-profiler-bucket-allocator-granularity=16"
    "memorysetup-profiler-bucket-allocator-bucket-count=8"
    "memorysetup-profiler-bucket-allocator-block-size=33554432"
    "memorysetup-profiler-bucket-allocator-block-count=8"
    "memorysetup-profiler-allocator-block-size=16777216"
    "memorysetup-profiler-editor-allocator-block-size=1048576"
    "memorysetup-temp-allocator-size-main=16777216"
    "memorysetup-job-temp-allocator-block-size=2097152"
    "memorysetup-job-temp-allocator-block-size-background=1048576"
    "memorysetup-job-temp-allocator-reduction-small-platforms=262144"
    "memorysetup-temp-allocator-size-background-worker=32768"
    "memorysetup-temp-allocator-size-job-worker=262144"
    "memorysetup-temp-allocator-size-preload-manager=33554432"
    "memorysetup-temp-allocator-size-nav-mesh-worker=65536"
    "memorysetup-temp-allocator-size-audio-worker=65536"
    "memorysetup-temp-allocator-size-cloud-worker=32768"
    "memorysetup-temp-allocator-size-gi-baking-worker=262144"
    "memorysetup-temp-allocator-size-gfx=262144"
Refreshing native plugins compatible for Editor in 45.60 ms, found 0 plugins.
Preloading 0 native plugins for Editor in 0.00 ms.
Initialize engine version: 2021.3.0f1 (6eacc8284459)
[Subsystems] Discovering subsystems at path C:/Program Files/Unity/Hub/Editor/2021.3.0f1/Editor/Data/Resources/UnitySubsystems
[Subsystems] Discovering subsystems at path D:/Programmation/Unity/prototypes/PonyTriad/Assets
GfxDevice: creating device client; threaded=0; jobified=0
Direct3D:
    Version:  Direct3D 11.0 [level 11.1]
    Renderer: NVIDIA GeForce GTX 1060 6GB (ID=0x1c03)
    Vendor:   NVIDIA
    VRAM:     6052 MB
    Driver:   30.0.15.1215
Initialize mono
Mono path[0] = 'C:/Program Files/Unity/Hub/Editor/2021.3.0f1/Editor/Data/Managed'
Mono path[1] = 'C:/Program Files/Unity/Hub/Editor/2021.3.0f1/Editor/Data/MonoBleedingEdge/lib/mono/unityjit-win32'
Mono config path = 'C:/Program Files/Unity/Hub/Editor/2021.3.0f1/Editor/Data/MonoBleedingEdge/etc'
Using monoOptions --debugger-agent=transport=dt_socket,embedding=1,server=y,suspend=n,address=127.0.0.1:56504
Begin MonoManager ReloadAssembly
Registering precompiled unity dll's ...
Register platform support module: C:/Program Files/Unity/Hub/Editor/2021.3.0f1/Editor/Data/PlaybackEngines/WindowsStandaloneSupport/UnityEditor.WindowsStandalone.Extensions.dll
Registered in 0.010733 seconds.
Native extension for WindowsStandalone target not found
Refreshing native plugins compatible for Editor in 44.76 ms, found 0 plugins.
Preloading 0 native plugins for Editor in 0.00 ms.
Mono: successfully reloaded assembly
- Completed reload, in  0.590 seconds
Domain Reload Profiling:
	ReloadAssembly (591ms)
		BeginReloadAssembly (77ms)
			ExecutionOrderSort (0ms)
			DisableScriptedObjects (0ms)
			BackupInstance (0ms)
			ReleaseScriptingObjects (0ms)
			CreateAndSetChildDomain (1ms)
		EndReloadAssembly (399ms)
			LoadAssemblies (74ms)
			RebuildTransferFunctionScriptingTraits (0ms)
			SetupTypeCache (101ms)
			ReleaseScriptCaches (0ms)
			RebuildScriptCaches (28ms)
			SetupLoadedEditorAssemblies (221ms)
				LogAssemblyErrors (0ms)
				InitializePlatformSupportModulesInManaged (8ms)
				SetLoadedEditorAssemblies (0ms)
				RefreshPlugins (45ms)
				BeforeProcessingInitializeOnLoad (1ms)
				ProcessInitializeOnLoadAttributes (126ms)
				ProcessInitializeOnLoadMethodAttributes (40ms)
				AfterProcessingInitializeOnLoad (0ms)
				EditorAssembliesLoaded (0ms)
			ExecutionOrderSort2 (0ms)
			AwakeInstancesAfterBackupRestoration (0ms)
Platform modules already initialized, skipping
Registering precompiled user dll's ...
Registered in 0.002089 seconds.
Begin MonoManager ReloadAssembly
Native extension for WindowsStandalone target not found
Refreshing native plugins compatible for Editor in 58.11 ms, found 0 plugins.
Preloading 0 native plugins for Editor in 0.00 ms.
Mono: successfully reloaded assembly
- Completed reload, in  0.944 seconds
Domain Reload Profiling:
	ReloadAssembly (945ms)
		BeginReloadAssembly (109ms)
			ExecutionOrderSort (0ms)
			DisableScriptedObjects (6ms)
			BackupInstance (0ms)
			ReleaseScriptingObjects (0ms)
			CreateAndSetChildDomain (20ms)
		EndReloadAssembly (735ms)
			LoadAssemblies (94ms)
			RebuildTransferFunctionScriptingTraits (0ms)
			SetupTypeCache (156ms)
			ReleaseScriptCaches (1ms)
			RebuildScriptCaches (52ms)
			SetupLoadedEditorAssemblies (395ms)
				LogAssemblyErrors (0ms)
				InitializePlatformSupportModulesInManaged (5ms)
				SetLoadedEditorAssemblies (0ms)
				RefreshPlugins (58ms)
				BeforeProcessingInitializeOnLoad (92ms)
				ProcessInitializeOnLoadAttributes (157ms)
				ProcessInitializeOnLoadMethodAttributes (74ms)
				AfterProcessingInitializeOnLoad (8ms)
				EditorAssembliesLoaded (0ms)
			ExecutionOrderSort2 (0ms)
			AwakeInstancesAfterBackupRestoration (5ms)
Platform modules already initialized, skipping
========================================================================
Worker process is ready to serve import requests
Launched and connected shader compiler UnityShaderCompiler.exe after 0.08 seconds
Refreshing native plugins compatible for Editor in 0.61 ms, found 0 plugins.
Preloading 0 native plugins for Editor in 0.00 ms.
Unloading 2949 Unused Serialized files (Serialized files now loaded: 0)
Unloading 31 unused Assets / (1.9 MB). Loaded Objects now: 3404.
Memory consumption went from 147.5 MB to 145.6 MB.
Total: 3.311700 ms (FindLiveObjects: 0.324700 ms CreateObjectMapping: 0.081300 ms MarkObjects: 2.324000 ms  DeleteObjects: 0.580700 ms)

AssetImportParameters requested are different than current active one (requested -> active):
  custom:video-decoder-ogg-theora: a1e56fd34408186e4bbccfd4996cb3dc -> 
  custom:container-muxer-webm: aa71ff27fc2769a1b78a27578f13a17b -> 
  custom:container-demuxer-webm: 4f35f7cbe854078d1ac9338744f61a02 -> 
  custom:video-encoder-webm-vp8: eb34c28f22e8b96e1ab97ce403110664 -> 
  custom:audio-encoder-webm-vorbis: bf7c407c2cedff20999df2af8eb42d56 -> 
  custom:framework-win-MediaFoundation: 216162199b28c13a410421893ffa2e32 -> 
  custom:container-demuxer-ogg: 62fdf1f143b41e24485cea50d1cbac27 -> 
  custom:video-decoder-webm-vp8: 9c59270c3fd7afecdb556c50c9e8de78 -> 
  custom:audio-decoder-ogg-vorbis: bf7c407c2cedff20999df2af8eb42d56 -> 
========================================================================
Received Import Request.
  Time since last request: 1567419.707370 seconds.
  path: Assets/Scenes
  artifactKey: Guid(2e108890383142f45a5654e57ac52221) Importer(815301076,1909f56bfc062723c751e8b465ee728b)
Start importing Assets/Scenes using Guid(2e108890383142f45a5654e57ac52221) Importer(815301076,1909f56bfc062723c751e8b465ee728b)  -> (artifact id: '10a8225919d97c5ee4b5623f46cc6de2') in 0.011262 seconds 
========================================================================
Received Import Request.
  Time since last request: 2.487067 seconds.
  path: Assets/Scripts/Tools
  artifactKey: Guid(bf7959a0e5cec9d4cb566b00382822d7) Importer(815301076,1909f56bfc062723c751e8b465ee728b)
Start importing Assets/Scripts/Tools using Guid(bf7959a0e5cec9d4cb566b00382822d7) Importer(815301076,1909f56bfc062723c751e8b465ee728b)  -> (artifact id: '476fef80e2a662d1480158ac358f80bd') in 0.006088 seconds 
========================================================================
Received Import Request.
  Time since last request: 2.641887 seconds.
  path: Assets/Scripts/Tools/IListExtensions.cs
  artifactKey: Guid(32cf8ca078348134fbf8acb8d78230b0) Importer(815301076,1909f56bfc062723c751e8b465ee728b)
Start importing Assets/Scripts/Tools/IListExtensions.cs using Guid(32cf8ca078348134fbf8acb8d78230b0) Importer(815301076,1909f56bfc062723c751e8b465ee728b)  -> (artifact id: '648ebe63c7b30b81fe3bf0f0a6f44450') in 0.022045 seconds 
========================================================================
Received Import Request.
  Time since last request: 7.615440 seconds.
  path: Assets/Scripts/Editor
  artifactKey: Guid(8641075e1a76c6a459e5eff964ecc721) Importer(815301076,1909f56bfc062723c751e8b465ee728b)
Start importing Assets/Scripts/Editor using Guid(8641075e1a76c6a459e5eff964ecc721) Importer(815301076,1909f56bfc062723c751e8b465ee728b)  -> (artifact id: 'bd19b11f04bdc984b85b4af7b32f06d0') in 0.006947 seconds 
========================================================================
Received Import Request.
  Time since last request: 266.622713 seconds.
  path: Assets/todoList.txt
  artifactKey: Guid(3de63a9c5bdda594f9eb718f8cb90526) Importer(2089858483,934ff659095e30574adcf32a4c2f97b5)
Start importing Assets/todoList.txt using Guid(3de63a9c5bdda594f9eb718f8cb90526) Importer(2089858483,934ff659095e30574adcf32a4c2f97b5) Generated GUIDs only implemented for interfaces!
 -> (artifact id: 'b6b9604fbfe47e4eafb29e7bd363fbe5') in 0.133336 seconds 
========================================================================
Received Import Request.
  Time since last request: 0.000018 seconds.
  path: Assets/Animations/GameManagerFSM/PickCard.anim
  artifactKey: Guid(5681108fd61035248875be432a4f6146) Importer(2089858483,934ff659095e30574adcf32a4c2f97b5)
Start importing Assets/Animations/GameManagerFSM/PickCard.anim using Guid(5681108fd61035248875be432a4f6146) Importer(2089858483,934ff659095e30574adcf32a4c2f97b5) Generated GUIDs only implemented for interfaces!
 -> (artifact id: 'b59fe0e96559a025d57eef321507402f') in 0.013025 seconds 
========================================================================
Received Import Request.
  Time since last request: 0.000023 seconds.
  path: Assets/Animations/Card/RotateLeft.Animation.anim
  artifactKey: Guid(980867740bb07ed48a63121c6cdeb46b) Importer(2089858483,934ff659095e30574adcf32a4c2f97b5)
Start importing Assets/Animations/Card/RotateLeft.Animation.anim using Guid(980867740bb07ed48a63121c6cdeb46b) Importer(2089858483,934ff659095e30574adcf32a4c2f97b5) Generated GUIDs only implemented for interfaces!
 -> (artifact id: 'f28c010d6a3ffb469ca40ab31db838e7') in 0.009681 seconds 
========================================================================
Received Import Request.
  Time since last request: 0.000033 seconds.
  path: Assets/Audio/music-victory-intro.ogg
  artifactKey: Guid(5263cd5d80d3665489e168db7671994b) Importer(2089858483,934ff659095e30574adcf32a4c2f97b5)
Start importing Assets/Audio/music-victory-intro.ogg using Guid(5263cd5d80d3665489e168db7671994b) Importer(2089858483,934ff659095e30574adcf32a4c2f97b5) Generated GUIDs only implemented for interfaces!
 -> (artifact id: 'fac65db00bd6bc974c94a46136038104') in 0.011421 seconds 
========================================================================
Received Import Request.
  Time since last request: 0.000021 seconds.
  path: Assets/Scripts/GameController.cs
  artifactKey: Guid(a962e20708fff9e4ab0984ec6af515dd) Importer(2089858483,934ff659095e30574adcf32a4c2f97b5)
Start importing Assets/Scripts/GameController.cs using Guid(a962e20708fff9e4ab0984ec6af515dd) Importer(2089858483,934ff659095e30574adcf32a4c2f97b5) Generated GUIDs only implemented for interfaces!
 -> (artifact id: '7377bba26a3bfcc99c2e457a9ae6978c') in 0.011162 seconds 
========================================================================
Received Import Request.
  Time since last request: 0.000026 seconds.
  path: Assets/Datas/Cards/CardLevel7.asset
  artifactKey: Guid(db63e29bcfe488f48835338887783e16) Importer(2089858483,934ff659095e30574adcf32a4c2f97b5)
Start importing Assets/Datas/Cards/CardLevel7.asset using Guid(db63e29bcfe488f48835338887783e16) Importer(2089858483,934ff659095e30574adcf32a4c2f97b5) Generated GUIDs only implemented for interfaces!
 -> (artifact id: 'dafd75b14f0305e63662911cfcfedba5') in 0.010694 seconds 
========================================================================
Received Import Request.
  Time since last request: 0.000029 seconds.
  path: Assets/Animations/RandomArrow/SelectPlayer_1.anim
  artifactKey: Guid(d5034228e6e3f474eb1f40443dad9530) Importer(2089858483,934ff659095e30574adcf32a4c2f97b5)
Start importing Assets/Animations/RandomArrow/SelectPlayer_1.anim using Guid(d5034228e6e3f474eb1f40443dad9530) Importer(2089858483,934ff659095e30574adcf32a4c2f97b5) Generated GUIDs only implemented for interfaces!
 -> (artifact id: '3b9086d77858f2697dbd097e98966ad4') in 0.009067 seconds 
========================================================================
Received Import Request.
  Time since last request: 0.000031 seconds.
  path: Assets/Animations/GameManagerFSM/SameRule.anim
  artifactKey: Guid(a0b155e8464bc204e93063d1c83a6a8f) Importer(2089858483,934ff659095e30574adcf32a4c2f97b5)
Start importing Assets/Animations/GameManagerFSM/SameRule.anim using Guid(a0b155e8464bc204e93063d1c83a6a8f) Importer(2089858483,934ff659095e30574adcf32a4c2f97b5) Generated GUIDs only implemented for interfaces!
 -> (artifact id: '00505f470d70f03c29ab69d09a88f219') in 0.008474 seconds 
========================================================================
Received Import Request.
  Time since last request: 0.000024 seconds.
  path: Assets/Audio/sound-turn.wav
  artifactKey: Guid(3502257c420d5224f8435aa516736a91) Importer(2089858483,934ff659095e30574adcf32a4c2f97b5)
Start importing Assets/Audio/sound-turn.wav using Guid(3502257c420d5224f8435aa516736a91) Importer(2089858483,934ff659095e30574adcf32a4c2f97b5) Generated GUIDs only implemented for interfaces!
 -> (artifact id: '290d57fff1171d6cc8fdb7774c79dc47') in 0.009390 seconds 
========================================================================
Received Import Request.
  Time since last request: 0.000027 seconds.
  path: Assets/Audio/music-game-intro.ogg
  artifactKey: Guid(01b328fc68b83e44bafd6c8c03d67619) Importer(2089858483,934ff659095e30574adcf32a4c2f97b5)
Start importing Assets/Audio/music-game-intro.ogg using Guid(01b328fc68b83e44bafd6c8c03d67619) Importer(2089858483,934ff659095e30574adcf32a4c2f97b5) Generated GUIDs only implemented for interfaces!
 -> (artifact id: '3b468047add008ce575ee6b298719ac4') in 0.009432 seconds 
========================================================================
Received Import Request.
  Time since last request: 0.000028 seconds.
  path: Assets/Animations/Card/OverPlayerOne.Animation.anim
  artifactKey: Guid(acfb923e2f0be014e803809a73803f4e) Importer(2089858483,934ff659095e30574adcf32a4c2f97b5)
Start importing Assets/Animations/Card/OverPlayerOne.Animation.anim using Guid(acfb923e2f0be014e803809a73803f4e) Importer(2089858483,934ff659095e30574adcf32a4c2f97b5) Generated GUIDs only implemented for interfaces!
 -> (artifact id: 'da1c83ca65b855cc1f2ddae0e3f62b42') in 0.011114 seconds 
========================================================================
Received Import Request.
  Time since last request: 0.000016 seconds.
  path: Assets/Scripts/Model/AceCard.cs
  artifactKey: Guid(6accd38991726474ab8bbbfc6f73aa7f) Importer(2089858483,934ff659095e30574adcf32a4c2f97b5)
Start importing Assets/Scripts/Model/AceCard.cs using Guid(6accd38991726474ab8bbbfc6f73aa7f) Importer(2089858483,934ff659095e30574adcf32a4c2f97b5) Generated GUIDs only implemented for interfaces!
 -> (artifact id: '49f33b460d80a9b009558b3340160ecc') in 0.009571 seconds 
========================================================================
Received Import Request.
  Time since last request: 0.000023 seconds.
  path: Assets/Animations/Card/TurnAroundIdle.Animation.anim
  artifactKey: Guid(5dad3831164a78d4db5f7261cb8617e2) Importer(2089858483,934ff659095e30574adcf32a4c2f97b5)
Start importing Assets/Animations/Card/TurnAroundIdle.Animation.anim using Guid(5dad3831164a78d4db5f7261cb8617e2) Importer(2089858483,934ff659095e30574adcf32a4c2f97b5) Generated GUIDs only implemented for interfaces!
 -> (artifact id: 'aaea4fb80e5a4cea0d9af3db5a2e642d') in 0.010046 seconds 
========================================================================
Received Import Request.
  Time since last request: 0.000017 seconds.
  path: Assets/Scripts/View/PlayerView.cs
  artifactKey: Guid(4008b93e4fb27ac4aae95a740d6d8584) Importer(2089858483,934ff659095e30574adcf32a4c2f97b5)
Start importing Assets/Scripts/View/PlayerView.cs using Guid(4008b93e4fb27ac4aae95a740d6d8584) Importer(2089858483,934ff659095e30574adcf32a4c2f97b5) Generated GUIDs only implemented for interfaces!
 -> (artifact id: '0e2fe21e347627ea69ddd48613fa9243') in 0.010124 seconds 
========================================================================
Received Import Request.
  Time since last request: 0.000021 seconds.
  path: Assets/Scripts/Datas/CardLevelData.cs
  artifactKey: Guid(e1fb462da9a188f43984e8b1e68e71f5) Importer(2089858483,934ff659095e30574adcf32a4c2f97b5)
Start importing Assets/Scripts/Datas/CardLevelData.cs using Guid(e1fb462da9a188f43984e8b1e68e71f5) Importer(2089858483,934ff659095e30574adcf32a4c2f97b5) Generated GUIDs only implemented for interfaces!
 -> (artifact id: 'ed3381d060345a6670ab60f6c6f12f33') in 0.008715 seconds 
========================================================================
Received Import Request.
  Time since last request: 0.000020 seconds.
  path: Assets/Sprites/Cards.SpriteAtlas.spriteatlas
  artifactKey: Guid(bb60d1906e18e0d4ca443294a130c49a) Importer(2089858483,934ff659095e30574adcf32a4c2f97b5)
Start importing Assets/Sprites/Cards.SpriteAtlas.spriteatlas using Guid(bb60d1906e18e0d4ca443294a130c49a) Importer(2089858483,934ff659095e30574adcf32a4c2f97b5) Generated GUIDs only implemented for interfaces!
 -> (artifact id: '9606124c28aa503519321b5e3302b2ca') in 0.012928 seconds 
========================================================================
Received Import Request.
  Time since last request: 0.000026 seconds.
  path: Assets/Datas/Cards/CardLevel1.asset
  artifactKey: Guid(7f67b4f510890f243924879c471acee8) Importer(2089858483,934ff659095e30574adcf32a4c2f97b5)
Start importing Assets/Datas/Cards/CardLevel1.asset using Guid(7f67b4f510890f243924879c471acee8) Importer(2089858483,934ff659095e30574adcf32a4c2f97b5) Generated GUIDs only implemented for interfaces!
 -> (artifact id: '67088c3ead657432b0ae2b4403504833') in 0.011993 seconds 
========================================================================
Received Import Request.
  Time since last request: 0.000024 seconds.
  path: Assets/Prefabs/Card.prefab
  artifactKey: Guid(3142c552af5674f41b97c365a16ade96) Importer(2089858483,934ff659095e30574adcf32a4c2f97b5)
Start importing Assets/Prefabs/Card.prefab using Guid(3142c552af5674f41b97c365a16ade96) Importer(2089858483,934ff659095e30574adcf32a4c2f97b5) Generated GUIDs only implemented for interfaces!
 -> (artifact id: 'e14ac74b7df819342ca2acd235414cbb') in 0.043217 seconds 
========================================================================
Received Import Request.
  Time since last request: 0.000027 seconds.
  path: Assets/Animations/Card/RotateRight.Animation.anim
  artifactKey: Guid(5bb06b5221c957a47afd5260fcd2f913) Importer(2089858483,934ff659095e30574adcf32a4c2f97b5)
Start importing Assets/Animations/Card/RotateRight.Animation.anim using Guid(5bb06b5221c957a47afd5260fcd2f913) Importer(2089858483,934ff659095e30574adcf32a4c2f97b5) Generated GUIDs only implemented for interfaces!
 -> (artifact id: '33faddf86ce24b19af59f1b62c2f8562') in 0.010107 seconds 
========================================================================
Received Import Request.
  Time since last request: 0.000027 seconds.
  path: Assets/Scripts/Model/ResultPhaseData.cs
  artifactKey: Guid(7fdba447dd5299f4983112d188c56603) Importer(2089858483,934ff659095e30574adcf32a4c2f97b5)
Start importing Assets/Scripts/Model/ResultPhaseData.cs using Guid(7fdba447dd5299f4983112d188c56603) Importer(2089858483,934ff659095e30574adcf32a4c2f97b5) Generated GUIDs only implemented for interfaces!
 -> (artifact id: '69ed46a57dddf823b81a469729ca1080') in 0.012410 seconds 
========================================================================
Received Import Request.
  Time since last request: 0.000039 seconds.
  path: Assets/Animations/GameManagerFSM/Intro.anim
  artifactKey: Guid(852d3f02d8317dc4aabb346907c861dd) Importer(2089858483,934ff659095e30574adcf32a4c2f97b5)
Start importing Assets/Animations/GameManagerFSM/Intro.anim using Guid(852d3f02d8317dc4aabb346907c861dd) Importer(2089858483,934ff659095e30574adcf32a4c2f97b5) Generated GUIDs only implemented for interfaces!
 -> (artifact id: '111435e5bf3cb4f0a16979a54ceeb048') in 0.009433 seconds 
========================================================================
Received Import Request.
  Time since last request: 0.000024 seconds.
  path: Assets/Sprites/hand_cursor.png
  artifactKey: Guid(e32145b4261f7114da5ac19053c9fe17) Importer(2089858483,934ff659095e30574adcf32a4c2f97b5)
Start importing Assets/Sprites/hand_cursor.png using Guid(e32145b4261f7114da5ac19053c9fe17) Importer(2089858483,934ff659095e30574adcf32a4c2f97b5) Generated GUIDs only implemented for interfaces!
 -> (artifact id: 'c75b7400f4833c5149eb3478f874085e') in 0.013479 seconds 
========================================================================
Received Import Request.
  Time since last request: 0.000030 seconds.
  path: Assets/Prefabs/SoundEffectPlayer.prefab
  artifactKey: Guid(1474d8017cc7a5f4ca8ce86ea49c868b) Importer(2089858483,934ff659095e30574adcf32a4c2f97b5)
Start importing Assets/Prefabs/SoundEffectPlayer.prefab using Guid(1474d8017cc7a5f4ca8ce86ea49c868b) Importer(2089858483,934ff659095e30574adcf32a4c2f97b5) Generated GUIDs only implemented for interfaces!
 -> (artifact id: 'b827e522a05639f4bbc94ad946fbdcce') in 0.010703 seconds 
========================================================================
Received Import Request.
  Time since last request: 0.000020 seconds.
  path: Assets/Datas/Cards/CardLevel6.asset
  artifactKey: Guid(8d55144bf7d2f714e90dff44f5313a6d) Importer(2089858483,934ff659095e30574adcf32a4c2f97b5)
Start importing Assets/Datas/Cards/CardLevel6.asset using Guid(8d55144bf7d2f714e90dff44f5313a6d) Importer(2089858483,934ff659095e30574adcf32a4c2f97b5) Generated GUIDs only implemented for interfaces!
 -> (artifact id: '6b9822bc14441d10f7d1c719223a5d5b') in 0.012891 seconds 
========================================================================
Received Import Request.
  Time since last request: 0.000023 seconds.
  path: Assets/Audio/sound-card.wav
  artifactKey: Guid(c560480515662744f9bbcd8ddb709f75) Importer(2089858483,934ff659095e30574adcf32a4c2f97b5)
Start importing Assets/Audio/sound-card.wav using Guid(c560480515662744f9bbcd8ddb709f75) Importer(2089858483,934ff659095e30574adcf32a4c2f97b5) Generated GUIDs only implemented for interfaces!
 -> (artifact id: '5116f5f782bb2165922a2097ca890cf4') in 0.009511 seconds 
========================================================================
Received Import Request.
  Time since last request: 0.000025 seconds.
  path: Assets/Sprites/Cards/ponyTriadCardsSheet0001.png
  artifactKey: Guid(842a801b8b7b3fc489b12b6684b60783) Importer(2089858483,934ff659095e30574adcf32a4c2f97b5)
Start importing Assets/Sprites/Cards/ponyTriadCardsSheet0001.png using Guid(842a801b8b7b3fc489b12b6684b60783) Importer(2089858483,934ff659095e30574adcf32a4c2f97b5) Generated GUIDs only implemented for interfaces!
 -> (artifact id: 'a4ca0788a5101bbc106279d89904dae4') in 0.013786 seconds 
========================================================================
Received Import Request.
  Time since last request: 0.000021 seconds.
  path: Assets/Sprites/Cards/ponyTriadCardsSheet0016.png
  artifactKey: Guid(4342e33c2ef962f46a26b5515530cffa) Importer(2089858483,934ff659095e30574adcf32a4c2f97b5)
Start importing Assets/Sprites/Cards/ponyTriadCardsSheet0016.png using Guid(4342e33c2ef962f46a26b5515530cffa) Importer(2089858483,934ff659095e30574adcf32a4c2f97b5) Generated GUIDs only implemented for interfaces!
 -> (artifact id: '3fc43ab33ab8c72e303226426e8a0ae8') in 0.012263 seconds 
========================================================================
Received Import Request.
  Time since last request: 0.000018 seconds.
  path: Assets/Sprites/Backgrounds/CardVerso.png
  artifactKey: Guid(cfce199ff3fab7745bbf1b455a88dc1b) Importer(2089858483,934ff659095e30574adcf32a4c2f97b5)
Start importing Assets/Sprites/Backgrounds/CardVerso.png using Guid(cfce199ff3fab7745bbf1b455a88dc1b) Importer(2089858483,934ff659095e30574adcf32a4c2f97b5) Generated GUIDs only implemented for interfaces!
 -> (artifact id: '47c53de896b30a999126de631e66a757') in 0.011436 seconds 
========================================================================
Received Import Request.
  Time since last request: 0.000022 seconds.
  path: Assets/Sprites/Cards/ponyTriadCardsSheet0005.png
  artifactKey: Guid(73e0a69ca3aa7b04da703f7468f2d85e) Importer(2089858483,934ff659095e30574adcf32a4c2f97b5)
Start importing Assets/Sprites/Cards/ponyTriadCardsSheet0005.png using Guid(73e0a69ca3aa7b04da703f7468f2d85e) Importer(2089858483,934ff659095e30574adcf32a4c2f97b5) Generated GUIDs only implemented for interfaces!
 -> (artifact id: '574886a8d94f7ed551f621d0b312528c') in 0.011976 seconds 
========================================================================
Received Import Request.
  Time since last request: 0.000020 seconds.
  path: Assets/Sprites/Cards/ponyTriadCardsSheet0025.png
  artifactKey: Guid(768ef5e9d85ae6745afc33d2c68c43a9) Importer(2089858483,934ff659095e30574adcf32a4c2f97b5)
Start importing Assets/Sprites/Cards/ponyTriadCardsSheet0025.png using Guid(768ef5e9d85ae6745afc33d2c68c43a9) Importer(2089858483,934ff659095e30574adcf32a4c2f97b5) Generated GUIDs only implemented for interfaces!
 -> (artifact id: '483275f20771f5c9f4e313ce63b467df') in 0.011844 seconds 
========================================================================
Received Import Request.
  Time since last request: 0.000021 seconds.
  path: Assets/Sprites/Cards/ponyTriadCardsSheet0019.png
  artifactKey: Guid(80f9136992e08b947b7d1022aa5ef3cf) Importer(2089858483,934ff659095e30574adcf32a4c2f97b5)
Start importing Assets/Sprites/Cards/ponyTriadCardsSheet0019.png using Guid(80f9136992e08b947b7d1022aa5ef3cf) Importer(2089858483,934ff659095e30574adcf32a4c2f97b5) Generated GUIDs only implemented for interfaces!
 -> (artifact id: 'd5d2489162cea7caef432c78ed44fba0') in 0.012231 seconds 
========================================================================
Received Import Request.
  Time since last request: 0.000023 seconds.
  path: Assets/Sprites/Cards/ponyTriadCardsSheet0015.png
  artifactKey: Guid(3cc29eb8dcca0574395aa33eaa0afa9d) Importer(2089858483,934ff659095e30574adcf32a4c2f97b5)
Start importing Assets/Sprites/Cards/ponyTriadCardsSheet0015.png using Guid(3cc29eb8dcca0574395aa33eaa0afa9d) Importer(2089858483,934ff659095e30574adcf32a4c2f97b5) Generated GUIDs only implemented for interfaces!
 -> (artifact id: '2f42675644fd439924c7a55a6afa8394') in 0.013067 seconds 
========================================================================
Received Import Request.
  Time since last request: 0.000030 seconds.
  path: Assets/Sprites/Backgrounds/PonyTriadIcon.png
  artifactKey: Guid(dbc7d35aeca59a34db74743b2815d7fa) Importer(2089858483,934ff659095e30574adcf32a4c2f97b5)
Start importing Assets/Sprites/Backgrounds/PonyTriadIcon.png using Guid(dbc7d35aeca59a34db74743b2815d7fa) Importer(2089858483,934ff659095e30574adcf32a4c2f97b5) Generated GUIDs only implemented for interfaces!
 -> (artifact id: '91c715f9abbcc23a36d616c40bf4ce87') in 0.012334 seconds 
========================================================================
Received Import Request.
  Time since last request: 0.000024 seconds.
  path: Assets/Sprites/Cards/ponyTriadCardsSheet0034.png
  artifactKey: Guid(f476322b511b1ef42a063fca9d0325b9) Importer(2089858483,934ff659095e30574adcf32a4c2f97b5)
Start importing Assets/Sprites/Cards/ponyTriadCardsSheet0034.png using Guid(f476322b511b1ef42a063fca9d0325b9) Importer(2089858483,934ff659095e30574adcf32a4c2f97b5) Generated GUIDs only implemented for interfaces!
 -> (artifact id: '18ab4c74d9c3d262c6c99e0bda975016') in 0.011852 seconds 
========================================================================
Received Import Request.
  Time since last request: 0.000022 seconds.
  path: Assets/Sprites/Cards/ponyTriadCardsSheet0024.png
  artifactKey: Guid(d12c5965bf1910b40ab657ea09e9ac6c) Importer(2089858483,934ff659095e30574adcf32a4c2f97b5)
Start importing Assets/Sprites/Cards/ponyTriadCardsSheet0024.png using Guid(d12c5965bf1910b40ab657ea09e9ac6c) Importer(2089858483,934ff659095e30574adcf32a4c2f97b5) Generated GUIDs only implemented for interfaces!
 -> (artifact id: 'd67088de93f7c35361ba3fe4a871bae7') in 0.012146 seconds 
========================================================================
Received Import Request.
  Time since last request: 0.000045 seconds.
  path: Assets/Sprites/Cards/ponyTriadCardsSheet0026.png
  artifactKey: Guid(076e41b5e6434b446ac39a099ad88b5c) Importer(2089858483,934ff659095e30574adcf32a4c2f97b5)
Start importing Assets/Sprites/Cards/ponyTriadCardsSheet0026.png using Guid(076e41b5e6434b446ac39a099ad88b5c) Importer(2089858483,934ff659095e30574adcf32a4c2f97b5) Generated GUIDs only implemented for interfaces!
 -> (artifact id: 'adb687b1979ee69c7a9d8f31c074640e') in 0.011020 seconds 
========================================================================
Received Import Request.
  Time since last request: 0.000026 seconds.
  path: Assets/Animations/RandomArrow/_RandomWithArrow.Animator.controller
  artifactKey: Guid(d74362841228735409248a9f16a6eb2e) Importer(2089858483,934ff659095e30574adcf32a4c2f97b5)
Start importing Assets/Animations/RandomArrow/_RandomWithArrow.Animator.controller using Guid(d74362841228735409248a9f16a6eb2e) Importer(2089858483,934ff659095e30574adcf32a4c2f97b5) Generated GUIDs only implemented for interfaces!
 -> (artifact id: '69110390d9b081a7c3b566c7184dcfb3') in 0.012014 seconds 
========================================================================
Received Import Request.
  Time since last request: 0.000019 seconds.
  path: Assets/Sprites/Cards/ponyTriadCardsSheet0038.png
  artifactKey: Guid(2abaf7840c0c6674fa3d995ed872b456) Importer(2089858483,934ff659095e30574adcf32a4c2f97b5)
Start importing Assets/Sprites/Cards/ponyTriadCardsSheet0038.png using Guid(2abaf7840c0c6674fa3d995ed872b456) Importer(2089858483,934ff659095e30574adcf32a4c2f97b5) Generated GUIDs only implemented for interfaces!
 -> (artifact id: '9a68c7052a049c354dedb17062a8e131') in 0.010124 seconds 
========================================================================
Received Import Request.
  Time since last request: 0.000021 seconds.
  path: Assets/Animations/GameManagerFSM/BetweenTurns.anim
  artifactKey: Guid(6a93978191f9e3c4eb697bbe5a696f65) Importer(2089858483,934ff659095e30574adcf32a4c2f97b5)
Start importing Assets/Animations/GameManagerFSM/BetweenTurns.anim using Guid(6a93978191f9e3c4eb697bbe5a696f65) Importer(2089858483,934ff659095e30574adcf32a4c2f97b5) Generated GUIDs only implemented for interfaces!
 -> (artifact id: 'f00c5ff9594cc1e148bba033ee0afc8b') in 0.009226 seconds 
========================================================================
Received Import Request.
  Time since last request: 0.000026 seconds.
  path: Assets/Scripts/Model/Game.cs
  artifactKey: Guid(b688bf5f0257003479ce3e74b2f1a8cc) Importer(2089858483,934ff659095e30574adcf32a4c2f97b5)
Start importing Assets/Scripts/Model/Game.cs using Guid(b688bf5f0257003479ce3e74b2f1a8cc) Importer(2089858483,934ff659095e30574adcf32a4c2f97b5) Generated GUIDs only implemented for interfaces!
 -> (artifact id: '949ca73d5e28b5204a12d4ec798b9bc8') in 0.009089 seconds 
========================================================================
Received Import Request.
  Time since last request: 0.000019 seconds.
  path: Assets/Animations/GameManagerFSM/Fight.anim
  artifactKey: Guid(7b69ebb6848858249ada41e972ad1018) Importer(2089858483,934ff659095e30574adcf32a4c2f97b5)
Start importing Assets/Animations/GameManagerFSM/Fight.anim using Guid(7b69ebb6848858249ada41e972ad1018) Importer(2089858483,934ff659095e30574adcf32a4c2f97b5) Generated GUIDs only implemented for interfaces!
 -> (artifact id: '313a0f5ad073e6a39aef3074328155aa') in 0.009424 seconds 
========================================================================
Received Import Request.
  Time since last request: 0.000025 seconds.
  path: Assets/Sprites/Backgrounds/PlayerOwnedBackgroundCard.png
  artifactKey: Guid(b973e62f842f1d7429742a913fb7aba4) Importer(2089858483,934ff659095e30574adcf32a4c2f97b5)
Start importing Assets/Sprites/Backgrounds/PlayerOwnedBackgroundCard.png using Guid(b973e62f842f1d7429742a913fb7aba4) Importer(2089858483,934ff659095e30574adcf32a4c2f97b5) Generated GUIDs only implemented for interfaces!
 -> (artifact id: 'e5f83cd68ddb3beee5ac2304916c5247') in 0.010311 seconds 
========================================================================
Received Import Request.
  Time since last request: 0.000032 seconds.
  path: Assets/Animations/Card/Shine.Animation.anim
  artifactKey: Guid(f7f08a0b3b21546408961cc1224611b0) Importer(2089858483,934ff659095e30574adcf32a4c2f97b5)
Start importing Assets/Animations/Card/Shine.Animation.anim using Guid(f7f08a0b3b21546408961cc1224611b0) Importer(2089858483,934ff659095e30574adcf32a4c2f97b5) Generated GUIDs only implemented for interfaces!
 -> (artifact id: '89bd5edb982361b4f13aea2bcc8b9bfa') in 0.009834 seconds 
========================================================================
Received Import Request.
  Time since last request: 0.000025 seconds.
  path: Assets/Animations/GameManagerFSM/PlusRule.anim
  artifactKey: Guid(2c57685a5f45ef04c925db12b90fa80c) Importer(2089858483,934ff659095e30574adcf32a4c2f97b5)
Start importing Assets/Animations/GameManagerFSM/PlusRule.anim using Guid(2c57685a5f45ef04c925db12b90fa80c) Importer(2089858483,934ff659095e30574adcf32a4c2f97b5) Generated GUIDs only implemented for interfaces!
 -> (artifact id: 'f8e22c17ff8b7daeddb7693bc422efd5') in 0.010130 seconds 
========================================================================
Received Import Request.
  Time since last request: 0.000022 seconds.
  path: Assets/Scripts/MainMenuManager.cs
  artifactKey: Guid(5b7e07eab82404247921500c8f38af7b) Importer(2089858483,934ff659095e30574adcf32a4c2f97b5)
Start importing Assets/Scripts/MainMenuManager.cs using Guid(5b7e07eab82404247921500c8f38af7b) Importer(2089858483,934ff659095e30574adcf32a4c2f97b5) Generated GUIDs only implemented for interfaces!
 -> (artifact id: '2c7649cefae96ed35d74c20a5a5a64b3') in 0.010886 seconds 
========================================================================
Received Import Request.
  Time since last request: 0.000023 seconds.
  path: Assets/Audio/sound-select.wav
  artifactKey: Guid(081dd4877f2712d45a12a93d37537eac) Importer(2089858483,934ff659095e30574adcf32a4c2f97b5)
Start importing Assets/Audio/sound-select.wav using Guid(081dd4877f2712d45a12a93d37537eac) Importer(2089858483,934ff659095e30574adcf32a4c2f97b5) Generated GUIDs only implemented for interfaces!
 -> (artifact id: '1a53607c79dffdb7ebdddb49e5d4dfd0') in 0.009515 seconds 
========================================================================
Received Import Request.
  Time since last request: 0.000038 seconds.
  path: Assets/Fonts/CrimsonText-Regular.ttf
  artifactKey: Guid(831e3b95632b7bb4095f812118c5883f) Importer(2089858483,934ff659095e30574adcf32a4c2f97b5)
Start importing Assets/Fonts/CrimsonText-Regular.ttf using Guid(831e3b95632b7bb4095f812118c5883f) Importer(2089858483,934ff659095e30574adcf32a4c2f97b5) Generated GUIDs only implemented for interfaces!
 -> (artifact id: 'b3b5d44dd02ded2e5098949adbc46687') in 0.022410 seconds 
========================================================================
Received Import Request.
  Time since last request: 0.000032 seconds.
  path: Assets/Animations/Card/Idle.Animation.anim
  artifactKey: Guid(4cf8252a59e14f643af9e075e3f6f650) Importer(2089858483,934ff659095e30574adcf32a4c2f97b5)
Start importing Assets/Animations/Card/Idle.Animation.anim using Guid(4cf8252a59e14f643af9e075e3f6f650) Importer(2089858483,934ff659095e30574adcf32a4c2f97b5) Generated GUIDs only implemented for interfaces!
 -> (artifact id: '547c2869c246099a50205128be10ce82') in 0.009547 seconds 
========================================================================
Received Import Request.
  Time since last request: 0.000022 seconds.
  path: Assets/Scripts/View/RandomArrowView.cs
  artifactKey: Guid(3f2f3237623c74b488b9165f48bfd5cc) Importer(2089858483,934ff659095e30574adcf32a4c2f97b5)
Start importing Assets/Scripts/View/RandomArrowView.cs using Guid(3f2f3237623c74b488b9165f48bfd5cc) Importer(2089858483,934ff659095e30574adcf32a4c2f97b5) Generated GUIDs only implemented for interfaces!
 -> (artifact id: 'bf46873c6bfe7f3cff48e20986e97f78') in 0.009392 seconds 
========================================================================
Received Import Request.
  Time since last request: 0.000026 seconds.
  path: Assets/Sprites/Cards/ponyTriadCardsSheet0037.png
  artifactKey: Guid(0fcd9090922634a4b8e0babe3290cc9e) Importer(2089858483,934ff659095e30574adcf32a4c2f97b5)
Start importing Assets/Sprites/Cards/ponyTriadCardsSheet0037.png using Guid(0fcd9090922634a4b8e0babe3290cc9e) Importer(2089858483,934ff659095e30574adcf32a4c2f97b5) Generated GUIDs only implemented for interfaces!
 -> (artifact id: 'fca9570028c59e31b582c0f8adcb82a2') in 0.012223 seconds 
========================================================================
Received Import Request.
  Time since last request: 0.000024 seconds.
  path: Assets/Scripts/Audio/AudioManager.cs
  artifactKey: Guid(6112f8c6e2aaaed448fe67e73e7cf86e) Importer(2089858483,934ff659095e30574adcf32a4c2f97b5)
Start importing Assets/Scripts/Audio/AudioManager.cs using Guid(6112f8c6e2aaaed448fe67e73e7cf86e) Importer(2089858483,934ff659095e30574adcf32a4c2f97b5) Generated GUIDs only implemented for interfaces!
 -> (artifact id: '3e5318100e093c319eaf35fe8603f1aa') in 0.007906 seconds 
========================================================================
Received Import Request.
  Time since last request: 0.000025 seconds.
  path: Assets/Audio/music-victory-bgm.ogg
  artifactKey: Guid(7f257119c31aeeb4f9be6692c604cc1f) Importer(2089858483,934ff659095e30574adcf32a4c2f97b5)
Start importing Assets/Audio/music-victory-bgm.ogg using Guid(7f257119c31aeeb4f9be6692c604cc1f) Importer(2089858483,934ff659095e30574adcf32a4c2f97b5) Generated GUIDs only implemented for interfaces!
 -> (artifact id: '9eea6896550138c06a9fc318e57fc2b7') in 0.010796 seconds 
========================================================================
Received Import Request.
  Time since last request: 0.000021 seconds.
  path: Assets/Scripts/Attributes/SceneAttribute.cs
  artifactKey: Guid(9e24395c834689f49bda8cdc5788676d) Importer(2089858483,934ff659095e30574adcf32a4c2f97b5)
Start importing Assets/Scripts/Attributes/SceneAttribute.cs using Guid(9e24395c834689f49bda8cdc5788676d) Importer(2089858483,934ff659095e30574adcf32a4c2f97b5) Generated GUIDs only implemented for interfaces!
 -> (artifact id: 'a0f8b1cc1c4d002048ccea75c248beda') in 0.010630 seconds 
========================================================================
Received Import Request.
  Time since last request: 0.000021 seconds.
  path: Assets/Datas/Cards/CardLevel2.asset
  artifactKey: Guid(5d868e3ab5eb7964b8a33dee47d0e60b) Importer(2089858483,934ff659095e30574adcf32a4c2f97b5)
Start importing Assets/Datas/Cards/CardLevel2.asset using Guid(5d868e3ab5eb7964b8a33dee47d0e60b) Importer(2089858483,934ff659095e30574adcf32a4c2f97b5) Generated GUIDs only implemented for interfaces!
 -> (artifact id: 'e5e9f54ff6ac22aebaf50c449ef9830b') in 0.011405 seconds 
========================================================================
Received Import Request.
  Time since last request: 0.000023 seconds.
  path: Assets/Prefabs/SelectableArea.prefab
  artifactKey: Guid(678b0012a9958da44ab90d18cd37067f) Importer(2089858483,934ff659095e30574adcf32a4c2f97b5)
Start importing Assets/Prefabs/SelectableArea.prefab using Guid(678b0012a9958da44ab90d18cd37067f) Importer(2089858483,934ff659095e30574adcf32a4c2f97b5) Generated GUIDs only implemented for interfaces!
 -> (artifact id: '0d2488053a6c2bb997c2aa520dff3e31') in 0.012927 seconds 
========================================================================
Received Import Request.
  Time since last request: 0.000023 seconds.
  path: Assets/Sprites/Cards/ponyTriadCardsSheet0022.png
  artifactKey: Guid(812441baec329db458bd37db22ead3ef) Importer(2089858483,934ff659095e30574adcf32a4c2f97b5)
Start importing Assets/Sprites/Cards/ponyTriadCardsSheet0022.png using Guid(812441baec329db458bd37db22ead3ef) Importer(2089858483,934ff659095e30574adcf32a4c2f97b5) Generated GUIDs only implemented for interfaces!
 -> (artifact id: '4e4007c6597676f9d8723bad7d86c9e7') in 0.010311 seconds 
========================================================================
Received Import Request.
  Time since last request: 0.000017 seconds.
  path: Assets/Sprites/Cards/ponyTriadCardsSheet0033.png
  artifactKey: Guid(011156647ce016c43b7521019c000b9f) Importer(2089858483,934ff659095e30574adcf32a4c2f97b5)
Start importing Assets/Sprites/Cards/ponyTriadCardsSheet0033.png using Guid(011156647ce016c43b7521019c000b9f) Importer(2089858483,934ff659095e30574adcf32a4c2f97b5) Generated GUIDs only implemented for interfaces!
 -> (artifact id: 'cae898be310df4cb0d2f8aa9858de715') in 0.012108 seconds 
========================================================================
Received Import Request.
  Time since last request: 0.000017 seconds.
  path: Assets/Prefabs/UI/RuleBarItem/FallenAce.RuleBarItem.prefab
  artifactKey: Guid(6cc6a8cb426cdf048902c08579f7fe50) Importer(2089858483,934ff659095e30574adcf32a4c2f97b5)
Start importing Assets/Prefabs/UI/RuleBarItem/FallenAce.RuleBarItem.prefab using Guid(6cc6a8cb426cdf048902c08579f7fe50) Importer(2089858483,934ff659095e30574adcf32a4c2f97b5) Generated GUIDs only implemented for interfaces!
 -> (artifact id: '8fce30346c3ae47c9d0db1e73b662b9a') in 0.043509 seconds 
========================================================================
Received Import Request.
  Time since last request: 0.000026 seconds.
  path: Assets/Datas/Cards/CardsByLevel/Level10/Alicorn10.asset
  artifactKey: Guid(c0e4c9630c7ae1646a496404aee6a12c) Importer(2089858483,934ff659095e30574adcf32a4c2f97b5)
Start importing Assets/Datas/Cards/CardsByLevel/Level10/Alicorn10.asset using Guid(c0e4c9630c7ae1646a496404aee6a12c) Importer(2089858483,934ff659095e30574adcf32a4c2f97b5) Generated GUIDs only implemented for interfaces!
 -> (artifact id: '4c45bed859c52461ace0c80882573b35') in 0.009972 seconds 
========================================================================
Received Import Request.
  Time since last request: 0.000033 seconds.
  path: Assets/Prefabs/UI/RuleBarItem/SameWalls.RuleBarItem.prefab
  artifactKey: Guid(75ce97840fd9f3d47a28def309033a71) Importer(2089858483,934ff659095e30574adcf32a4c2f97b5)
Start importing Assets/Prefabs/UI/RuleBarItem/SameWalls.RuleBarItem.prefab using Guid(75ce97840fd9f3d47a28def309033a71) Importer(2089858483,934ff659095e30574adcf32a4c2f97b5) Generated GUIDs only implemented for interfaces!
 -> (artifact id: '91c29bb0cdd3511030c0c235218a1ede') in 0.038940 seconds 
========================================================================
Received Import Request.
  Time since last request: 0.000039 seconds.
  path: Assets/_Plugins/AnimatorStateMachineUtil/Scripts/AnimatorStateMachineUtil.cs
  artifactKey: Guid(327e20ab41075482dbf73cf04b78920a) Importer(2089858483,934ff659095e30574adcf32a4c2f97b5)
Start importing Assets/_Plugins/AnimatorStateMachineUtil/Scripts/AnimatorStateMachineUtil.cs using Guid(327e20ab41075482dbf73cf04b78920a) Importer(2089858483,934ff659095e30574adcf32a4c2f97b5) Generated GUIDs only implemented for interfaces!
 -> (artifact id: 'a2990e6a4176b9bd8a5ff9f495baf5d7') in 0.008664 seconds 
========================================================================
Received Import Request.
  Time since last request: 0.000028 seconds.
  path: Assets/Scripts/View/UI/RuleBar.cs
  artifactKey: Guid(55563297a10f98c46b8c6f25284ae2f9) Importer(2089858483,934ff659095e30574adcf32a4c2f97b5)
Start importing Assets/Scripts/View/UI/RuleBar.cs using Guid(55563297a10f98c46b8c6f25284ae2f9) Importer(2089858483,934ff659095e30574adcf32a4c2f97b5) Generated GUIDs only implemented for interfaces!
 -> (artifact id: '07e47104da0bee12714785f9fa9b31cd') in 0.007516 seconds 
========================================================================
Received Import Request.
  Time since last request: 0.000024 seconds.
  path: Assets/_Plugins/AnimatorStateMachineUtil/README.md
  artifactKey: Guid(1f52c5d3fc6c4476099685cd86fcafb1) Importer(2089858483,934ff659095e30574adcf32a4c2f97b5)
Start importing Assets/_Plugins/AnimatorStateMachineUtil/README.md using Guid(1f52c5d3fc6c4476099685cd86fcafb1) Importer(2089858483,934ff659095e30574adcf32a4c2f97b5) Generated GUIDs only implemented for interfaces!
 -> (artifact id: '913e4637991b770d1f5edd51ef449ce2') in 0.009765 seconds 
========================================================================
Received Import Request.
  Time since last request: 0.000021 seconds.
  path: Assets/Datas/Cards/CardsByLevel/Level1/Pony1_2.asset
  artifactKey: Guid(f14c43ff93aaaa443b53b072d90c2b58) Importer(2089858483,934ff659095e30574adcf32a4c2f97b5)
Start importing Assets/Datas/Cards/CardsByLevel/Level1/Pony1_2.asset using Guid(f14c43ff93aaaa443b53b072d90c2b58) Importer(2089858483,934ff659095e30574adcf32a4c2f97b5) Generated GUIDs only implemented for interfaces!
 -> (artifact id: 'd939b09f3ead78aaa724f344b34c5bd5') in 0.008985 seconds 
========================================================================
Received Import Request.
  Time since last request: 0.000020 seconds.
  path: Assets/Scripts/View/UI/RuleBarItem.cs
  artifactKey: Guid(2115272be4ca1134cbc788bb6122c032) Importer(2089858483,934ff659095e30574adcf32a4c2f97b5)
Start importing Assets/Scripts/View/UI/RuleBarItem.cs using Guid(2115272be4ca1134cbc788bb6122c032) Importer(2089858483,934ff659095e30574adcf32a4c2f97b5) Generated GUIDs only implemented for interfaces!
 -> (artifact id: 'f6bfcc6ce0d04a35715aa948b452cd6e') in 0.008570 seconds 
========================================================================
Received Import Request.
  Time since last request: 0.000024 seconds.
  path: Assets/_Plugins/Demigiant/Resources/DOTweenSettings.asset
  artifactKey: Guid(0d96f00051e303543bc8b77be1088a89) Importer(2089858483,934ff659095e30574adcf32a4c2f97b5)
Start importing Assets/_Plugins/Demigiant/Resources/DOTweenSettings.asset using Guid(0d96f00051e303543bc8b77be1088a89) Importer(2089858483,934ff659095e30574adcf32a4c2f97b5) Generated GUIDs only implemented for interfaces!
 -> (artifact id: '451794eb309a67c3cafe3537e10c9324') in 0.009553 seconds 
========================================================================
Received Import Request.
  Time since last request: 0.000024 seconds.
  path: Assets/Datas/Cards/CardsByLevel/Level10/Pony10.asset
  artifactKey: Guid(282c77f76bdc4a84e8630d7ea339e593) Importer(2089858483,934ff659095e30574adcf32a4c2f97b5)
Start importing Assets/Datas/Cards/CardsByLevel/Level10/Pony10.asset using Guid(282c77f76bdc4a84e8630d7ea339e593) Importer(2089858483,934ff659095e30574adcf32a4c2f97b5) Generated GUIDs only implemented for interfaces!
 -> (artifact id: '37a048d2efc4551d29c8f39b20e7e9d3') in 0.008275 seconds 
========================================================================
Received Import Request.
  Time since last request: 0.000023 seconds.
  path: Assets/Sprites/Icons/earth-1341377_960_720.png
  artifactKey: Guid(790044ef7008da044b7f40ac24bebc33) Importer(2089858483,934ff659095e30574adcf32a4c2f97b5)
Start importing Assets/Sprites/Icons/earth-1341377_960_720.png using Guid(790044ef7008da044b7f40ac24bebc33) Importer(2089858483,934ff659095e30574adcf32a4c2f97b5) Generated GUIDs only implemented for interfaces!
 -> (artifact id: 'a05dd5e94bd45b9525d180876fa767fe') in 0.019584 seconds 
========================================================================
Received Import Request.
  Time since last request: 0.000021 seconds.
  path: Assets/Scripts/View/UI/CreditsScreen.cs
  artifactKey: Guid(8aeb1accfca8b7b4ea3b5b1f1982f755) Importer(2089858483,934ff659095e30574adcf32a4c2f97b5)
Start importing Assets/Scripts/View/UI/CreditsScreen.cs using Guid(8aeb1accfca8b7b4ea3b5b1f1982f755) Importer(2089858483,934ff659095e30574adcf32a4c2f97b5) Generated GUIDs only implemented for interfaces!
 -> (artifact id: 'ef6eb017542c80a542086454e1279e75') in 0.008732 seconds 
========================================================================
Received Import Request.
  Time since last request: 0.000022 seconds.
  path: Assets/Sprites/Cards/ponyTriadCardsSheet0049.png
  artifactKey: Guid(1aa32b44179b17042bf9d9067322b94f) Importer(2089858483,934ff659095e30574adcf32a4c2f97b5)
Start importing Assets/Sprites/Cards/ponyTriadCardsSheet0049.png using Guid(1aa32b44179b17042bf9d9067322b94f) Importer(2089858483,934ff659095e30574adcf32a4c2f97b5) Generated GUIDs only implemented for interfaces!
 -> (artifact id: '9063559cf401f083685bec4f7adaf30c') in 0.010720 seconds 
========================================================================
Received Import Request.
  Time since last request: 0.000028 seconds.
  path: Assets/_Plugins/Demigiant/DOTween/DOTween.XML
  artifactKey: Guid(34192c5e0d14aee43a0e86cc4823268a) Importer(2089858483,934ff659095e30574adcf32a4c2f97b5)
Start importing Assets/_Plugins/Demigiant/DOTween/DOTween.XML using Guid(34192c5e0d14aee43a0e86cc4823268a) Importer(2089858483,934ff659095e30574adcf32a4c2f97b5) Generated GUIDs only implemented for interfaces!
 -> (artifact id: '017d4d759f862127af4c475589ecb841') in 0.010961 seconds 
========================================================================
Received Import Request.
  Time since last request: 0.000023 seconds.
  path: Assets/Sprites/Icons/skull_icon.png
  artifactKey: Guid(97035199424dd08408205f2c76fa6a8c) Importer(2089858483,934ff659095e30574adcf32a4c2f97b5)
Start importing Assets/Sprites/Icons/skull_icon.png using Guid(97035199424dd08408205f2c76fa6a8c) Importer(2089858483,934ff659095e30574adcf32a4c2f97b5) Generated GUIDs only implemented for interfaces!
 -> (artifact id: '2b296f699bb969f79bae998fabce2bc2') in 0.009418 seconds 
========================================================================
Received Import Request.
  Time since last request: 0.000024 seconds.
  path: Assets/Datas/Cards/CardsByLevel/Level10/Dragon10.asset
  artifactKey: Guid(aa83cc78bc1c2ec4e8daded7f6bc8bfd) Importer(2089858483,934ff659095e30574adcf32a4c2f97b5)
Start importing Assets/Datas/Cards/CardsByLevel/Level10/Dragon10.asset using Guid(aa83cc78bc1c2ec4e8daded7f6bc8bfd) Importer(2089858483,934ff659095e30574adcf32a4c2f97b5) Generated GUIDs only implemented for interfaces!
 -> (artifact id: 'a1528d3c36ca3d8c054382b532769860') in 0.009343 seconds 
========================================================================
Received Import Request.
  Time since last request: 0.000022 seconds.
  path: Assets/Sprites/Icons/eye-2387853_640.png
  artifactKey: Guid(f35e7174b30b3aa4b9b16d72b9b416df) Importer(2089858483,934ff659095e30574adcf32a4c2f97b5)
Start importing Assets/Sprites/Icons/eye-2387853_640.png using Guid(f35e7174b30b3aa4b9b16d72b9b416df) Importer(2089858483,934ff659095e30574adcf32a4c2f97b5) Generated GUIDs only implemented for interfaces!
 -> (artifact id: '35e97824948c987ad356aedd4fea4cc1') in 0.012014 seconds 
========================================================================
Received Import Request.
  Time since last request: 0.000021 seconds.
  path: Assets/Sprites/Icons/dice-icon-61958.png
  artifactKey: Guid(8205ab6005b85444981fef48209666f5) Importer(2089858483,934ff659095e30574adcf32a4c2f97b5)
Start importing Assets/Sprites/Icons/dice-icon-61958.png using Guid(8205ab6005b85444981fef48209666f5) Importer(2089858483,934ff659095e30574adcf32a4c2f97b5) Generated GUIDs only implemented for interfaces!
 -> (artifact id: 'd220da6c7ed12e30881817321b182e0e') in 0.010241 seconds 
========================================================================
Received Import Request.
  Time since last request: 0.000028 seconds.
  path: Assets/Prefabs/UI/SpecialRuleText/Combo.Text.prefab
  artifactKey: Guid(bbcfd88ecd66d514296236947ea8c551) Importer(2089858483,934ff659095e30574adcf32a4c2f97b5)
Start importing Assets/Prefabs/UI/SpecialRuleText/Combo.Text.prefab using Guid(bbcfd88ecd66d514296236947ea8c551) Importer(2089858483,934ff659095e30574adcf32a4c2f97b5) Generated GUIDs only implemented for interfaces!
 -> (artifact id: 'ed671cb268ac97f33ef49e222b1423f4') in 0.045613 seconds 
========================================================================
Received Import Request.
  Time since last request: 0.000026 seconds.
  path: Assets/_Plugins/AnimatorStateMachineUtil/Scripts/AnimatorStateMachineUtilSMB.cs
  artifactKey: Guid(26915eefe4c0b684e9c0c4419e4cd12f) Importer(2089858483,934ff659095e30574adcf32a4c2f97b5)
Start importing Assets/_Plugins/AnimatorStateMachineUtil/Scripts/AnimatorStateMachineUtilSMB.cs using Guid(26915eefe4c0b684e9c0c4419e4cd12f) Importer(2089858483,934ff659095e30574adcf32a4c2f97b5) Generated GUIDs only implemented for interfaces!
 -> (artifact id: 'f59300f63f346e53f408c3f438ef0338') in 0.011519 seconds 
========================================================================
Received Import Request.
  Time since last request: 0.000040 seconds.
  path: Assets/_Plugins/Demigiant/DOTween/readme.txt
  artifactKey: Guid(fccfc62abf2eb0a4db614853430894fd) Importer(2089858483,934ff659095e30574adcf32a4c2f97b5)
Start importing Assets/_Plugins/Demigiant/DOTween/readme.txt using Guid(fccfc62abf2eb0a4db614853430894fd) Importer(2089858483,934ff659095e30574adcf32a4c2f97b5) Generated GUIDs only implemented for interfaces!
 -> (artifact id: '858a11e3cc00855dca1b11c202502614') in 0.010136 seconds 
========================================================================
Received Import Request.
  Time since last request: 0.000018 seconds.
  path: Assets/Datas/Cards/CardsByLevel/TestCardData.asset
  artifactKey: Guid(72695ef0ec622ae40baf27a5103ec570) Importer(2089858483,934ff659095e30574adcf32a4c2f97b5)
Start importing Assets/Datas/Cards/CardsByLevel/TestCardData.asset using Guid(72695ef0ec622ae40baf27a5103ec570) Importer(2089858483,934ff659095e30574adcf32a4c2f97b5) Generated GUIDs only implemented for interfaces!
 -> (artifact id: 'f19cf028c1664f7764afe12ab5bb333d') in 0.009511 seconds 
========================================================================
Received Import Request.
  Time since last request: 0.000016 seconds.
  path: Assets/_Plugins/TextMesh Pro/Documentation/TextMesh Pro User Guide 2016.pdf
  artifactKey: Guid(1b8d251f9af63b746bf2f7ffe00ebb9b) Importer(2089858483,934ff659095e30574adcf32a4c2f97b5)
Start importing Assets/_Plugins/TextMesh Pro/Documentation/TextMesh Pro User Guide 2016.pdf using Guid(1b8d251f9af63b746bf2f7ffe00ebb9b) Importer(2089858483,934ff659095e30574adcf32a4c2f97b5) Generated GUIDs only implemented for interfaces!
 -> (artifact id: '29460ee0c7a302c424adf2e88e3a9082') in 0.011152 seconds 
========================================================================
Received Import Request.
  Time since last request: 0.000020 seconds.
  path: Assets/_Plugins/TextMesh Pro/Fonts/LiberationSans - OFL.txt
  artifactKey: Guid(6e59c59b81ab47f9b6ec5781fa725d2c) Importer(2089858483,934ff659095e30574adcf32a4c2f97b5)
Start importing Assets/_Plugins/TextMesh Pro/Fonts/LiberationSans - OFL.txt using Guid(6e59c59b81ab47f9b6ec5781fa725d2c) Importer(2089858483,934ff659095e30574adcf32a4c2f97b5) Generated GUIDs only implemented for interfaces!
 -> (artifact id: 'fbab7b002d0dc57f779ce5553a4012b1') in 0.009324 seconds 
========================================================================
Received Import Request.
  Time since last request: 0.000021 seconds.
  path: Assets/Datas/Cards/CardsByLevel/Level10/BatPony10.asset
  artifactKey: Guid(48cadd06ebd74134e8f0936830c0aa4d) Importer(2089858483,934ff659095e30574adcf32a4c2f97b5)
Start importing Assets/Datas/Cards/CardsByLevel/Level10/BatPony10.asset using Guid(48cadd06ebd74134e8f0936830c0aa4d) Importer(2089858483,934ff659095e30574adcf32a4c2f97b5) Generated GUIDs only implemented for interfaces!
 -> (artifact id: 'fe1733e54558e209bc30284a76a37a93') in 0.009018 seconds 
========================================================================
Received Import Request.
  Time since last request: 0.000020 seconds.
  path: Assets/Scripts/Datas/Editor/CardDataEditor.cs
  artifactKey: Guid(09bfa72b8a3ad7b4ba752b4fa7a2fa0f) Importer(2089858483,934ff659095e30574adcf32a4c2f97b5)
Start importing Assets/Scripts/Datas/Editor/CardDataEditor.cs using Guid(09bfa72b8a3ad7b4ba752b4fa7a2fa0f) Importer(2089858483,934ff659095e30574adcf32a4c2f97b5) Generated GUIDs only implemented for interfaces!
 -> (artifact id: '78996fc0976aa48d475d9c445a312fcf') in 0.008556 seconds 
========================================================================
Received Import Request.
  Time since last request: 0.000023 seconds.
  path: Assets/Datas/Cards/CardsByLevel/Level4/Pony4_2.asset
  artifactKey: Guid(2c26321904f6114479027c7bee135b69) Importer(2089858483,934ff659095e30574adcf32a4c2f97b5)
Start importing Assets/Datas/Cards/CardsByLevel/Level4/Pony4_2.asset using Guid(2c26321904f6114479027c7bee135b69) Importer(2089858483,934ff659095e30574adcf32a4c2f97b5) Generated GUIDs only implemented for interfaces!
 -> (artifact id: '6f9e87d358e51d0990394dda6a22dc0b') in 0.008748 seconds 
========================================================================
Received Import Request.
  Time since last request: 0.000025 seconds.
  path: Assets/Datas/Cards/CardsByLevel/Level4/Unicorn4.asset
  artifactKey: Guid(aa592f4bb453fcd4aabdd3f1cd0f08a3) Importer(2089858483,934ff659095e30574adcf32a4c2f97b5)
Start importing Assets/Datas/Cards/CardsByLevel/Level4/Unicorn4.asset using Guid(aa592f4bb453fcd4aabdd3f1cd0f08a3) Importer(2089858483,934ff659095e30574adcf32a4c2f97b5) Generated GUIDs only implemented for interfaces!
 -> (artifact id: 'e7e0492aeb3fc1427201d3cc93212d73') in 0.008523 seconds 
========================================================================
Received Import Request.
  Time since last request: 0.000018 seconds.
  path: Assets/Datas/Cards/CardsByLevel/Level7/BatPony7.asset
  artifactKey: Guid(dde3b238cf31b6443aaa978351ee7017) Importer(2089858483,934ff659095e30574adcf32a4c2f97b5)
Start importing Assets/Datas/Cards/CardsByLevel/Level7/BatPony7.asset using Guid(dde3b238cf31b6443aaa978351ee7017) Importer(2089858483,934ff659095e30574adcf32a4c2f97b5) Generated GUIDs only implemented for interfaces!
 -> (artifact id: 'e3ffde782af97810d771df9fc8c4a8b0') in 0.008236 seconds 
========================================================================
Received Import Request.
  Time since last request: 0.000026 seconds.
  path: Assets/Datas/Cards/CardsByLevel/Level4/BatPony4.asset
  artifactKey: Guid(27d8fbbfc8afee849bdf726125b07ed6) Importer(2089858483,934ff659095e30574adcf32a4c2f97b5)
Start importing Assets/Datas/Cards/CardsByLevel/Level4/BatPony4.asset using Guid(27d8fbbfc8afee849bdf726125b07ed6) Importer(2089858483,934ff659095e30574adcf32a4c2f97b5) Generated GUIDs only implemented for interfaces!
 -> (artifact id: 'cd0f6cc25e813f5062f6e23bcacc8c32') in 0.006962 seconds 
========================================================================
Received Import Request.
  Time since last request: 0.000017 seconds.
  path: Assets/Datas/Cards/CardsByLevel/Level3/Griffon3.asset
  artifactKey: Guid(0657692265e035e46a4b024a98bde7e7) Importer(2089858483,934ff659095e30574adcf32a4c2f97b5)
Start importing Assets/Datas/Cards/CardsByLevel/Level3/Griffon3.asset using Guid(0657692265e035e46a4b024a98bde7e7) Importer(2089858483,934ff659095e30574adcf32a4c2f97b5) Generated GUIDs only implemented for interfaces!
 -> (artifact id: 'ae4a0b64e98d8812e173a7d5cec7f3fb') in 0.010228 seconds 
========================================================================
Received Import Request.
  Time since last request: 0.000021 seconds.
  path: Assets/_Plugins/Demigiant/DOTween/Modules/DOTweenModuleUtils.cs
  artifactKey: Guid(7bcaf917d9cf5b84090421a5a2abe42e) Importer(2089858483,934ff659095e30574adcf32a4c2f97b5)
Start importing Assets/_Plugins/Demigiant/DOTween/Modules/DOTweenModuleUtils.cs using Guid(7bcaf917d9cf5b84090421a5a2abe42e) Importer(2089858483,934ff659095e30574adcf32a4c2f97b5) Generated GUIDs only implemented for interfaces!
 -> (artifact id: 'ed0eb0733cec9f7fe738fdd83efdeadc') in 0.008848 seconds 
========================================================================
Received Import Request.
  Time since last request: 0.000034 seconds.
  path: Assets/Datas/Cards/CardsByLevel/Level2/Unicorn2_2.asset
  artifactKey: Guid(dfa295d6662d7594889d8c7e08538d06) Importer(2089858483,934ff659095e30574adcf32a4c2f97b5)
Start importing Assets/Datas/Cards/CardsByLevel/Level2/Unicorn2_2.asset using Guid(dfa295d6662d7594889d8c7e08538d06) Importer(2089858483,934ff659095e30574adcf32a4c2f97b5) Generated GUIDs only implemented for interfaces!
 -> (artifact id: 'c1ed8de902626225c780c881636ca401') in 0.008943 seconds 
========================================================================
Received Import Request.
  Time since last request: 0.000028 seconds.
  path: Assets/Datas/Cards/CardsByLevel/Level9/Unicorn9.asset
  artifactKey: Guid(7b9b468e00e810647ace379f7ac259fe) Importer(2089858483,934ff659095e30574adcf32a4c2f97b5)
Start importing Assets/Datas/Cards/CardsByLevel/Level9/Unicorn9.asset using Guid(7b9b468e00e810647ace379f7ac259fe) Importer(2089858483,934ff659095e30574adcf32a4c2f97b5) Generated GUIDs only implemented for interfaces!
 -> (artifact id: '0267b375e8fcf8aa1ef4585b33e64225') in 0.010172 seconds 
========================================================================
Received Import Request.
  Time since last request: 0.000020 seconds.
  path: Assets/Datas/Cards/CardsByLevel/Level7/Pegasus7_2.asset
  artifactKey: Guid(6ce4e87bf51fe3140864b9499beee2bd) Importer(2089858483,934ff659095e30574adcf32a4c2f97b5)
Start importing Assets/Datas/Cards/CardsByLevel/Level7/Pegasus7_2.asset using Guid(6ce4e87bf51fe3140864b9499beee2bd) Importer(2089858483,934ff659095e30574adcf32a4c2f97b5) Generated GUIDs only implemented for interfaces!
 -> (artifact id: 'fb0faf26e114070a7a9a223ddd380b20') in 0.030819 seconds 
========================================================================
Received Import Request.
  Time since last request: 0.000018 seconds.
  path: Assets/Datas/Cards/CardsByLevel/Level5/Pony5.asset
  artifactKey: Guid(d573e529ca1311e44b32d3b17cf4f876) Importer(2089858483,934ff659095e30574adcf32a4c2f97b5)
Start importing Assets/Datas/Cards/CardsByLevel/Level5/Pony5.asset using Guid(d573e529ca1311e44b32d3b17cf4f876) Importer(2089858483,934ff659095e30574adcf32a4c2f97b5) Generated GUIDs only implemented for interfaces!
 -> (artifact id: '1648db2d490391910fee1c86f14a36c0') in 0.010604 seconds 
========================================================================
Received Import Request.
  Time since last request: 0.000021 seconds.
  path: Assets/Datas/Cards/CardsByLevel/Level5/SeaPony5.asset
  artifactKey: Guid(efe5de0d317a2e546b376150406d0193) Importer(2089858483,934ff659095e30574adcf32a4c2f97b5)
Start importing Assets/Datas/Cards/CardsByLevel/Level5/SeaPony5.asset using Guid(efe5de0d317a2e546b376150406d0193) Importer(2089858483,934ff659095e30574adcf32a4c2f97b5) Generated GUIDs only implemented for interfaces!
 -> (artifact id: '9cef381db1842f85c8b70d467f1d8103') in 0.009421 seconds 
========================================================================
Received Import Request.
  Time since last request: 0.000018 seconds.
  path: Assets/Datas/Cards/CardsByLevel/Level8/BatPony8.asset
  artifactKey: Guid(277a3174cee277540b5a132323121b1d) Importer(2089858483,934ff659095e30574adcf32a4c2f97b5)
Start importing Assets/Datas/Cards/CardsByLevel/Level8/BatPony8.asset using Guid(277a3174cee277540b5a132323121b1d) Importer(2089858483,934ff659095e30574adcf32a4c2f97b5) Generated GUIDs only implemented for interfaces!
 -> (artifact id: 'c7e49cd478a3fcdd712b32ab6d8de537') in 0.010117 seconds 
========================================================================
Received Import Request.
  Time since last request: 0.000040 seconds.
  path: Assets/Datas/Cards/CardsByLevel/Level5/BatPony5.asset
  artifactKey: Guid(0647d46294a842545b462c70e37e9e94) Importer(2089858483,934ff659095e30574adcf32a4c2f97b5)
Start importing Assets/Datas/Cards/CardsByLevel/Level5/BatPony5.asset using Guid(0647d46294a842545b462c70e37e9e94) Importer(2089858483,934ff659095e30574adcf32a4c2f97b5) Generated GUIDs only implemented for interfaces!
 -> (artifact id: 'b06731425c265a423a0b5af808d7c572') in 0.008254 seconds 
========================================================================
Received Import Request.
  Time since last request: 0.000044 seconds.
  path: Assets/Datas/Cards/CardsByLevel/Level8/Pegasus8_1.asset
  artifactKey: Guid(6ed716406d6c1ea49b97947888d14dee) Importer(2089858483,934ff659095e30574adcf32a4c2f97b5)
Start importing Assets/Datas/Cards/CardsByLevel/Level8/Pegasus8_1.asset using Guid(6ed716406d6c1ea49b97947888d14dee) Importer(2089858483,934ff659095e30574adcf32a4c2f97b5) Generated GUIDs only implemented for interfaces!
 -> (artifact id: '72f39d1b949e80d1fe4ecc5d2e39784b') in 0.010906 seconds 
========================================================================
Received Import Request.
  Time since last request: 0.000019 seconds.
  path: Assets/Datas/Cards/CardsByLevel/Level3/Pony3.asset
  artifactKey: Guid(d3602c31d85b53046a981fa2a43449ef) Importer(2089858483,934ff659095e30574adcf32a4c2f97b5)
Start importing Assets/Datas/Cards/CardsByLevel/Level3/Pony3.asset using Guid(d3602c31d85b53046a981fa2a43449ef) Importer(2089858483,934ff659095e30574adcf32a4c2f97b5) Generated GUIDs only implemented for interfaces!
 -> (artifact id: 'ed1d12ba43b6aa85800fbd5dac24ff89') in 0.009255 seconds 
========================================================================
Received Import Request.
  Time since last request: 0.000016 seconds.
  path: Assets/Datas/Cards/CardsByLevel/Level5/Pegasus5.asset
  artifactKey: Guid(beda34c2e7093e044a58fd5ad76caa7c) Importer(2089858483,934ff659095e30574adcf32a4c2f97b5)
Start importing Assets/Datas/Cards/CardsByLevel/Level5/Pegasus5.asset using Guid(beda34c2e7093e044a58fd5ad76caa7c) Importer(2089858483,934ff659095e30574adcf32a4c2f97b5) Generated GUIDs only implemented for interfaces!
 -> (artifact id: '0cc5d37379f09c88b06eafa9780ebb3a') in 0.010875 seconds 
========================================================================
Received Import Request.
  Time since last request: 0.000018 seconds.
  path: Assets/Datas/Cards/CardsByLevel/Level2/Pony2.asset
  artifactKey: Guid(72a5ad01f5d63d640933c62faaf70382) Importer(2089858483,934ff659095e30574adcf32a4c2f97b5)
Start importing Assets/Datas/Cards/CardsByLevel/Level2/Pony2.asset using Guid(72a5ad01f5d63d640933c62faaf70382) Importer(2089858483,934ff659095e30574adcf32a4c2f97b5) Generated GUIDs only implemented for interfaces!
 -> (artifact id: '4c2f284d61ad86728492a020e7d205ef') in 0.011020 seconds 
========================================================================
Received Import Request.
  Time since last request: 0.000018 seconds.
  path: Assets/Datas/Cards/CardsByLevel/Level3/PonyBat3.asset
  artifactKey: Guid(56f346d1d3d513c4b9f25ea5113c3fd7) Importer(2089858483,934ff659095e30574adcf32a4c2f97b5)
Start importing Assets/Datas/Cards/CardsByLevel/Level3/PonyBat3.asset using Guid(56f346d1d3d513c4b9f25ea5113c3fd7) Importer(2089858483,934ff659095e30574adcf32a4c2f97b5) Generated GUIDs only implemented for interfaces!
 -> (artifact id: 'd5e159b751ecc3e2b43a6d8125976b8c') in 0.010004 seconds 
========================================================================
Received Import Request.
  Time since last request: 0.000019 seconds.
  path: Assets/_Plugins/Demigiant/DOTween/Modules/DOTweenModuleAudio.cs
  artifactKey: Guid(b766d08851589514b97afb23c6f30a70) Importer(2089858483,934ff659095e30574adcf32a4c2f97b5)
Start importing Assets/_Plugins/Demigiant/DOTween/Modules/DOTweenModuleAudio.cs using Guid(b766d08851589514b97afb23c6f30a70) Importer(2089858483,934ff659095e30574adcf32a4c2f97b5) Generated GUIDs only implemented for interfaces!
 -> (artifact id: 'e81bb88bbeb1c5bce4844bbad9df080d') in 0.009959 seconds 
========================================================================
Received Import Request.
  Time since last request: 0.000020 seconds.
  path: Assets/Datas/Cards/CardsByLevel/Level9/Griffon9.asset
  artifactKey: Guid(9f73a0c31af9e0b45ab4139efe603517) Importer(2089858483,934ff659095e30574adcf32a4c2f97b5)
Start importing Assets/Datas/Cards/CardsByLevel/Level9/Griffon9.asset using Guid(9f73a0c31af9e0b45ab4139efe603517) Importer(2089858483,934ff659095e30574adcf32a4c2f97b5) Generated GUIDs only implemented for interfaces!
 -> (artifact id: 'bf569c180ccade5cc9550613aebbfb9a') in 0.009616 seconds 
========================================================================
Received Import Request.
  Time since last request: 0.000029 seconds.
  path: Assets/Datas/Cards/CardsByLevel/Level7/Pegasus7_1.asset
  artifactKey: Guid(5907cc2a75f331a4f83fe0ee746ac24e) Importer(2089858483,934ff659095e30574adcf32a4c2f97b5)
Start importing Assets/Datas/Cards/CardsByLevel/Level7/Pegasus7_1.asset using Guid(5907cc2a75f331a4f83fe0ee746ac24e) Importer(2089858483,934ff659095e30574adcf32a4c2f97b5) Generated GUIDs only implemented for interfaces!
 -> (artifact id: '32b0301657dd8d86ad3a8798dece31c4') in 0.009098 seconds 
========================================================================
Received Import Request.
  Time since last request: 0.000023 seconds.
  path: Assets/Datas/Cards/CardsByLevel/Level8/Pony8.asset
  artifactKey: Guid(c07fa6e19ce1ce44bba46512c99fedad) Importer(2089858483,934ff659095e30574adcf32a4c2f97b5)
Start importing Assets/Datas/Cards/CardsByLevel/Level8/Pony8.asset using Guid(c07fa6e19ce1ce44bba46512c99fedad) Importer(2089858483,934ff659095e30574adcf32a4c2f97b5) Generated GUIDs only implemented for interfaces!
 -> (artifact id: 'fd13a8d4320f039885b0b9ffa7308720') in 0.010178 seconds 
========================================================================
Received Import Request.
  Time since last request: 0.000019 seconds.
  path: Assets/_Plugins/Demigiant/DOTween/Modules/DOTweenModuleUnityVersion.cs
  artifactKey: Guid(63c02322328255542995bd02b47b0457) Importer(2089858483,934ff659095e30574adcf32a4c2f97b5)
Start importing Assets/_Plugins/Demigiant/DOTween/Modules/DOTweenModuleUnityVersion.cs using Guid(63c02322328255542995bd02b47b0457) Importer(2089858483,934ff659095e30574adcf32a4c2f97b5) Generated GUIDs only implemented for interfaces!
 -> (artifact id: '91cd490867b38ea4c4d30f5917adca69') in 0.009886 seconds 
========================================================================
Received Import Request.
  Time since last request: 0.000071 seconds.
  path: Assets/Datas/Cards/CardsByLevel/Level9/Pegasus9_1.asset
  artifactKey: Guid(0dae0d1b5ec8f8547bc301bdd0af424f) Importer(2089858483,934ff659095e30574adcf32a4c2f97b5)
Start importing Assets/Datas/Cards/CardsByLevel/Level9/Pegasus9_1.asset using Guid(0dae0d1b5ec8f8547bc301bdd0af424f) Importer(2089858483,934ff659095e30574adcf32a4c2f97b5) Generated GUIDs only implemented for interfaces!
 -> (artifact id: '7fb80ad78fcc46ed82030d12b28638ab') in 0.010576 seconds 
========================================================================
Received Import Request.
  Time since last request: 0.000022 seconds.
  path: Assets/_Plugins/TextMesh Pro/Resources/Fonts & Materials/LiberationSans SDF - Drop Shadow.mat
  artifactKey: Guid(e73a58f6e2794ae7b1b7e50b7fb811b0) Importer(2089858483,934ff659095e30574adcf32a4c2f97b5)
Start importing Assets/_Plugins/TextMesh Pro/Resources/Fonts & Materials/LiberationSans SDF - Drop Shadow.mat using Guid(e73a58f6e2794ae7b1b7e50b7fb811b0) Importer(2089858483,934ff659095e30574adcf32a4c2f97b5) Generated GUIDs only implemented for interfaces!
 -> (artifact id: 'dfe22b285dc5d03aa91c5955719ed46f') in 0.010599 seconds 
========================================================================
Received Import Request.
  Time since last request: 0.000023 seconds.
  path: Assets/_Plugins/Demigiant/DOTween/Modules/DOTweenModuleUI.cs
  artifactKey: Guid(a060394c03331a64392db53a10e7f2d1) Importer(2089858483,934ff659095e30574adcf32a4c2f97b5)
Start importing Assets/_Plugins/Demigiant/DOTween/Modules/DOTweenModuleUI.cs using Guid(a060394c03331a64392db53a10e7f2d1) Importer(2089858483,934ff659095e30574adcf32a4c2f97b5) Generated GUIDs only implemented for interfaces!
 -> (artifact id: '00acc2cc196b81ae32029ee8854e1a35') in 0.009992 seconds 
========================================================================
Received Import Request.
  Time since last request: 0.000021 seconds.
  path: Assets/_Plugins/TextMesh Pro/Resources/LineBreaking Following Characters.txt
  artifactKey: Guid(fade42e8bc714b018fac513c043d323b) Importer(2089858483,934ff659095e30574adcf32a4c2f97b5)
Start importing Assets/_Plugins/TextMesh Pro/Resources/LineBreaking Following Characters.txt using Guid(fade42e8bc714b018fac513c043d323b) Importer(2089858483,934ff659095e30574adcf32a4c2f97b5) Generated GUIDs only implemented for interfaces!
 -> (artifact id: '136f180838209fbfff1a05c0e547a3d0') in 0.008944 seconds 
========================================================================
Received Import Request.
  Time since last request: 0.000023 seconds.
  path: Assets/Datas/Cards/CardsByLevel/Level1/Griffon1.asset
  artifactKey: Guid(40d8de1c479874d4d8eec0632612fa1d) Importer(2089858483,934ff659095e30574adcf32a4c2f97b5)
Start importing Assets/Datas/Cards/CardsByLevel/Level1/Griffon1.asset using Guid(40d8de1c479874d4d8eec0632612fa1d) Importer(2089858483,934ff659095e30574adcf32a4c2f97b5) Generated GUIDs only implemented for interfaces!
 -> (artifact id: 'ec2ac59fe8255dd2cab5bb25bf418342') in 0.008764 seconds 
========================================================================
Received Import Request.
  Time since last request: 0.000023 seconds.
  path: Assets/_Plugins/Demigiant/DOTween/DOTween.dll.mdb
  artifactKey: Guid(4f007001a22b3d24dae350342c4d19c8) Importer(2089858483,934ff659095e30574adcf32a4c2f97b5)
Start importing Assets/_Plugins/Demigiant/DOTween/DOTween.dll.mdb using Guid(4f007001a22b3d24dae350342c4d19c8) Importer(2089858483,934ff659095e30574adcf32a4c2f97b5) Generated GUIDs only implemented for interfaces!
 -> (artifact id: 'ce3d13925711557d510e5af3e1e45ca0') in 0.011594 seconds 
========================================================================
Received Import Request.
  Time since last request: 0.000020 seconds.
  path: Assets/Prefabs/UI/RuleBarItem/SuddenDeath.RuleBarItem.prefab
  artifactKey: Guid(6d6d39da885d5724194e88c72ee6d4cb) Importer(2089858483,934ff659095e30574adcf32a4c2f97b5)
Start importing Assets/Prefabs/UI/RuleBarItem/SuddenDeath.RuleBarItem.prefab using Guid(6d6d39da885d5724194e88c72ee6d4cb) Importer(2089858483,934ff659095e30574adcf32a4c2f97b5) Generated GUIDs only implemented for interfaces!
 -> (artifact id: 'e9c5456a81debc12705c6dc878cb60ea') in 0.011375 seconds 
========================================================================
Received Import Request.
  Time since last request: 0.000022 seconds.
  path: Assets/Sprites/Cards/ponyTriadCardsSheet0010.png
  artifactKey: Guid(aa6d2998eadeb5044ac7788275db2036) Importer(2089858483,934ff659095e30574adcf32a4c2f97b5)
Start importing Assets/Sprites/Cards/ponyTriadCardsSheet0010.png using Guid(aa6d2998eadeb5044ac7788275db2036) Importer(2089858483,934ff659095e30574adcf32a4c2f97b5) Generated GUIDs only implemented for interfaces!
 -> (artifact id: 'd226aca5256373eb0b273874507482ca') in 0.020712 seconds 
========================================================================
Received Import Request.
  Time since last request: 0.000038 seconds.
  path: Assets/Sprites/Cards/ponyTriadCardsSheet0041.png
  artifactKey: Guid(dab770845f1f8f447b2206512c42489d) Importer(2089858483,934ff659095e30574adcf32a4c2f97b5)
Start importing Assets/Sprites/Cards/ponyTriadCardsSheet0041.png using Guid(dab770845f1f8f447b2206512c42489d) Importer(2089858483,934ff659095e30574adcf32a4c2f97b5) Generated GUIDs only implemented for interfaces!
 -> (artifact id: '8160c3d44c1640d096a74cf42cefda33') in 0.013197 seconds 
========================================================================
Received Import Request.
  Time since last request: 0.000027 seconds.
  path: Assets/_Plugins/TextMesh Pro/Resources/Fonts & Materials/LiberationSans SDF.asset
  artifactKey: Guid(8f586378b4e144a9851e7b34d9b748ee) Importer(2089858483,934ff659095e30574adcf32a4c2f97b5)
Start importing Assets/_Plugins/TextMesh Pro/Resources/Fonts & Materials/LiberationSans SDF.asset using Guid(8f586378b4e144a9851e7b34d9b748ee) Importer(2089858483,934ff659095e30574adcf32a4c2f97b5) Generated GUIDs only implemented for interfaces!
 -> (artifact id: '51c93061ca853e4a06850c5d047037f1') in 0.041033 seconds 
========================================================================
Received Import Request.
  Time since last request: 0.000041 seconds.
  path: Assets/_Plugins/TextMesh Pro/Resources/Shaders/TMP_Bitmap-Mobile.shader
  artifactKey: Guid(1e3b057af24249748ff873be7fafee47) Importer(2089858483,934ff659095e30574adcf32a4c2f97b5)
Start importing Assets/_Plugins/TextMesh Pro/Resources/Shaders/TMP_Bitmap-Mobile.shader using Guid(1e3b057af24249748ff873be7fafee47) Importer(2089858483,934ff659095e30574adcf32a4c2f97b5) Generated GUIDs only implemented for interfaces!
 -> (artifact id: 'c640086fddb162b8a912fa12ea9279ad') in 0.014541 seconds 
========================================================================
Received Import Request.
  Time since last request: 0.000048 seconds.
  path: Assets/_Plugins/TextMesh Pro/Resources/Shaders/TMPro_Properties.cginc
  artifactKey: Guid(3997e2241185407d80309a82f9148466) Importer(2089858483,934ff659095e30574adcf32a4c2f97b5)
Start importing Assets/_Plugins/TextMesh Pro/Resources/Shaders/TMPro_Properties.cginc using Guid(3997e2241185407d80309a82f9148466) Importer(2089858483,934ff659095e30574adcf32a4c2f97b5) Generated GUIDs only implemented for interfaces!
 -> (artifact id: '51518599c2f9a09de8405b4a16bbf72b') in 0.011867 seconds 
========================================================================
Received Import Request.
  Time since last request: 0.000030 seconds.
  path: Assets/_Plugins/TextMesh Pro/Resources/Shaders/TMP_Bitmap.shader
  artifactKey: Guid(128e987d567d4e2c824d754223b3f3b0) Importer(2089858483,934ff659095e30574adcf32a4c2f97b5)
Start importing Assets/_Plugins/TextMesh Pro/Resources/Shaders/TMP_Bitmap.shader using Guid(128e987d567d4e2c824d754223b3f3b0) Importer(2089858483,934ff659095e30574adcf32a4c2f97b5) Generated GUIDs only implemented for interfaces!
 -> (artifact id: '4974d1be119cf184dbd79f40c7639fde') in 0.010056 seconds 
========================================================================
Received Import Request.
  Time since last request: 0.000022 seconds.
  path: Assets/_Plugins/TextMesh Pro/Resources/Sprite Assets/EmojiOne.asset
  artifactKey: Guid(c41005c129ba4d66911b75229fd70b45) Importer(2089858483,934ff659095e30574adcf32a4c2f97b5)
Start importing Assets/_Plugins/TextMesh Pro/Resources/Sprite Assets/EmojiOne.asset using Guid(c41005c129ba4d66911b75229fd70b45) Importer(2089858483,934ff659095e30574adcf32a4c2f97b5) Generated GUIDs only implemented for interfaces!
 -> (artifact id: '21a51580d2a681355cd2943d53fa157b') in 0.010816 seconds 
========================================================================
Received Import Request.
  Time since last request: 0.000026 seconds.
  path: Assets/_Plugins/TextMesh Pro/Resources/Shaders/TMP_SDF-Mobile.shader
  artifactKey: Guid(fe393ace9b354375a9cb14cdbbc28be4) Importer(2089858483,934ff659095e30574adcf32a4c2f97b5)
Start importing Assets/_Plugins/TextMesh Pro/Resources/Shaders/TMP_SDF-Mobile.shader using Guid(fe393ace9b354375a9cb14cdbbc28be4) Importer(2089858483,934ff659095e30574adcf32a4c2f97b5) Generated GUIDs only implemented for interfaces!
 -> (artifact id: '8780944ce2f6c1ceb1e493c940df0aef') in 0.007605 seconds 
========================================================================
Received Import Request.
  Time since last request: 0.000020 seconds.
  path: Assets/_Plugins/TextMesh Pro/Resources/Shaders/TMP_SDF-Mobile Overlay.shader
  artifactKey: Guid(a02a7d8c237544f1962732b55a9aebf1) Importer(2089858483,934ff659095e30574adcf32a4c2f97b5)
Start importing Assets/_Plugins/TextMesh Pro/Resources/Shaders/TMP_SDF-Mobile Overlay.shader using Guid(a02a7d8c237544f1962732b55a9aebf1) Importer(2089858483,934ff659095e30574adcf32a4c2f97b5) Generated GUIDs only implemented for interfaces!
 -> (artifact id: '0807ab5cfd0bdd0d824e7b6df1dd62de') in 0.008228 seconds 
========================================================================
Received Import Request.
  Time since last request: 0.000023 seconds.
  path: Assets/_Plugins/TextMesh Pro/Resources/Shaders/TMP_SDF-Surface.shader
  artifactKey: Guid(f7ada0af4f174f0694ca6a487b8f543d) Importer(2089858483,934ff659095e30574adcf32a4c2f97b5)
Start importing Assets/_Plugins/TextMesh Pro/Resources/Shaders/TMP_SDF-Surface.shader using Guid(f7ada0af4f174f0694ca6a487b8f543d) Importer(2089858483,934ff659095e30574adcf32a4c2f97b5) Generated GUIDs only implemented for interfaces!
 -> (artifact id: '52730d3773d883fe83724a8793d6f722') in 0.010447 seconds 
========================================================================
Received Import Request.
  Time since last request: 0.000026 seconds.
  path: Assets/_Plugins/TextMesh Pro/Resources/Shaders/TMP_SDF-Mobile Masking.shader
  artifactKey: Guid(bc1ede39bf3643ee8e493720e4259791) Importer(2089858483,934ff659095e30574adcf32a4c2f97b5)
Start importing Assets/_Plugins/TextMesh Pro/Resources/Shaders/TMP_SDF-Mobile Masking.shader using Guid(bc1ede39bf3643ee8e493720e4259791) Importer(2089858483,934ff659095e30574adcf32a4c2f97b5) Generated GUIDs only implemented for interfaces!
 -> (artifact id: 'd4afed016d9843da0335698f67308ba4') in 0.008396 seconds 
========================================================================
Received Import Request.
  Time since last request: 0.000019 seconds.
  path: Assets/Fonts/EagleLake-Regular.ttf
  artifactKey: Guid(ca8d1cfedf58e984592cb45a4ea3f60a) Importer(2089858483,934ff659095e30574adcf32a4c2f97b5)
Start importing Assets/Fonts/EagleLake-Regular.ttf using Guid(ca8d1cfedf58e984592cb45a4ea3f60a) Importer(2089858483,934ff659095e30574adcf32a4c2f97b5) Generated GUIDs only implemented for interfaces!
 -> (artifact id: 'b58ad743d85d0d2d9bc305e494a4a712') in 0.010346 seconds 
========================================================================
Received Import Request.
  Time since last request: 0.000021 seconds.
  path: Assets/Prefabs/UI/SpecialRuleText/Plus.Text.prefab
  artifactKey: Guid(d24ae228960098241891768f2ea39f6e) Importer(2089858483,934ff659095e30574adcf32a4c2f97b5)
Start importing Assets/Prefabs/UI/SpecialRuleText/Plus.Text.prefab using Guid(d24ae228960098241891768f2ea39f6e) Importer(2089858483,934ff659095e30574adcf32a4c2f97b5) Generated GUIDs only implemented for interfaces!
 -> (artifact id: 'efce359f1d37744e64202c32e905ce7e') in 0.044484 seconds 
========================================================================
Received Import Request.
  Time since last request: 0.000028 seconds.
  path: Assets/Animations/Button/Button.controller
  artifactKey: Guid(65d8ea49664c50e4e9543008c525be5d) Importer(2089858483,934ff659095e30574adcf32a4c2f97b5)
Start importing Assets/Animations/Button/Button.controller using Guid(65d8ea49664c50e4e9543008c525be5d) Importer(2089858483,934ff659095e30574adcf32a4c2f97b5) Generated GUIDs only implemented for interfaces!
 -> (artifact id: 'c4d02a382e4ea031aa3efa5402c239de') in 0.012576 seconds 
========================================================================
Received Import Request.
  Time since last request: 0.000018 seconds.
  path: Assets/Audio/sound-invalid.wav
  artifactKey: Guid(3c7c967513976754b80974584ae421ca) Importer(2089858483,934ff659095e30574adcf32a4c2f97b5)
Start importing Assets/Audio/sound-invalid.wav using Guid(3c7c967513976754b80974584ae421ca) Importer(2089858483,934ff659095e30574adcf32a4c2f97b5) Generated GUIDs only implemented for interfaces!
 -> (artifact id: 'f49f6e5a80969a732bea6f27cb052fae') in 0.010433 seconds 
========================================================================
Received Import Request.
  Time since last request: 0.000020 seconds.
  path: Assets/Scripts/View/UI/RuleDescriptionPanel.cs
  artifactKey: Guid(8c2b2ba8e7ae2e74d99ba7d69ca7fc78) Importer(2089858483,934ff659095e30574adcf32a4c2f97b5)
Start importing Assets/Scripts/View/UI/RuleDescriptionPanel.cs using Guid(8c2b2ba8e7ae2e74d99ba7d69ca7fc78) Importer(2089858483,934ff659095e30574adcf32a4c2f97b5) Generated GUIDs only implemented for interfaces!
 -> (artifact id: '7b813fc1c80b1984d2e6c961f7ab3f41') in 0.009194 seconds 
========================================================================
Received Import Request.
  Time since last request: 0.000031 seconds.
  path: Assets/Scripts/Types/CardOnBoardWon.cs
  artifactKey: Guid(572c33a9b6f9f1145a5f7c15007d2ff4) Importer(2089858483,934ff659095e30574adcf32a4c2f97b5)
Start importing Assets/Scripts/Types/CardOnBoardWon.cs using Guid(572c33a9b6f9f1145a5f7c15007d2ff4) Importer(2089858483,934ff659095e30574adcf32a4c2f97b5) Generated GUIDs only implemented for interfaces!
 -> (artifact id: '11b110a465cb4fc401bb5a53814cf0ba') in 0.009638 seconds 
========================================================================
Received Import Request.
  Time since last request: 0.000040 seconds.
  path: Assets/Sprites/Cards/negapony.png
  artifactKey: Guid(bd2694a278b0e834ebf55de34da5adfd) Importer(2089858483,934ff659095e30574adcf32a4c2f97b5)
Start importing Assets/Sprites/Cards/negapony.png using Guid(bd2694a278b0e834ebf55de34da5adfd) Importer(2089858483,934ff659095e30574adcf32a4c2f97b5) Generated GUIDs only implemented for interfaces!
 -> (artifact id: 'a40423f5f238ad67ed32280167dacf5e') in 0.010115 seconds 
========================================================================
Received Import Request.
  Time since last request: 0.000026 seconds.
  path: Assets/Datas/Cards/CardLevel9.asset
  artifactKey: Guid(18f79b90af4a26444b506baf63fe1efd) Importer(2089858483,934ff659095e30574adcf32a4c2f97b5)
Start importing Assets/Datas/Cards/CardLevel9.asset using Guid(18f79b90af4a26444b506baf63fe1efd) Importer(2089858483,934ff659095e30574adcf32a4c2f97b5) Generated GUIDs only implemented for interfaces!
 -> (artifact id: '032414cd88276c6b3e0bd401b87edd20') in 0.009891 seconds 
========================================================================
Received Import Request.
  Time since last request: 0.000022 seconds.
  path: Assets/Scripts/Audio/PlayableMusic.cs
  artifactKey: Guid(892143b0653df2741a06735ef0fd6f85) Importer(2089858483,934ff659095e30574adcf32a4c2f97b5)
Start importing Assets/Scripts/Audio/PlayableMusic.cs using Guid(892143b0653df2741a06735ef0fd6f85) Importer(2089858483,934ff659095e30574adcf32a4c2f97b5) Generated GUIDs only implemented for interfaces!
 -> (artifact id: '3dbaf717b955dfb9d67b4e77e1cd7f4e') in 0.008939 seconds 
========================================================================
Received Import Request.
  Time since last request: 0.000026 seconds.
  path: Assets/Sprites/Cards/ponyTriadCardsSheet0007.png
  artifactKey: Guid(6692749c7293d894b91f24739a27f5b2) Importer(2089858483,934ff659095e30574adcf32a4c2f97b5)
Start importing Assets/Sprites/Cards/ponyTriadCardsSheet0007.png using Guid(6692749c7293d894b91f24739a27f5b2) Importer(2089858483,934ff659095e30574adcf32a4c2f97b5) Generated GUIDs only implemented for interfaces!
 -> (artifact id: '41abc5f385eda351c0e02f724c5f7455') in 0.011439 seconds 
========================================================================
Received Import Request.
  Time since last request: 0.000018 seconds.
  path: Assets/Datas/Cards/CardLevel5.asset
  artifactKey: Guid(236e0f7590eb214409119649530e4398) Importer(2089858483,934ff659095e30574adcf32a4c2f97b5)
Start importing Assets/Datas/Cards/CardLevel5.asset using Guid(236e0f7590eb214409119649530e4398) Importer(2089858483,934ff659095e30574adcf32a4c2f97b5) Generated GUIDs only implemented for interfaces!
 -> (artifact id: '79b84f50ed340ca9bb7a1eff9068450f') in 0.010024 seconds 
========================================================================
Received Import Request.
  Time since last request: 0.000024 seconds.
  path: Assets/Sprites/Cards/ponyTriadCardsSheet0013.png
  artifactKey: Guid(cf721883df6a8c24788a3305ac579927) Importer(2089858483,934ff659095e30574adcf32a4c2f97b5)
Start importing Assets/Sprites/Cards/ponyTriadCardsSheet0013.png using Guid(cf721883df6a8c24788a3305ac579927) Importer(2089858483,934ff659095e30574adcf32a4c2f97b5) Generated GUIDs only implemented for interfaces!
 -> (artifact id: '0c7f60fd48fa05262b02ee7d7c8c021d') in 0.009972 seconds 
========================================================================
Received Import Request.
  Time since last request: 0.000029 seconds.
  path: Assets/Scripts/Datas/PlayersColorsData.cs
  artifactKey: Guid(51e951e6a99ff5a49892735c4b600767) Importer(2089858483,934ff659095e30574adcf32a4c2f97b5)
Start importing Assets/Scripts/Datas/PlayersColorsData.cs using Guid(51e951e6a99ff5a49892735c4b600767) Importer(2089858483,934ff659095e30574adcf32a4c2f97b5) Generated GUIDs only implemented for interfaces!
 -> (artifact id: '75adc06616092347db0663ce6b209fde') in 0.008646 seconds 
========================================================================
Received Import Request.
  Time since last request: 0.000028 seconds.
  path: Assets/Sprites/Cards/ponyTriadCardsSheet0032.png
  artifactKey: Guid(5fae12ab64df2fd459e559264929402f) Importer(2089858483,934ff659095e30574adcf32a4c2f97b5)
Start importing Assets/Sprites/Cards/ponyTriadCardsSheet0032.png using Guid(5fae12ab64df2fd459e559264929402f) Importer(2089858483,934ff659095e30574adcf32a4c2f97b5) Generated GUIDs only implemented for interfaces!
 -> (artifact id: '70d71dc6b953c43329b9b0e030153df9') in 0.010039 seconds 
========================================================================
Received Import Request.
  Time since last request: 0.000026 seconds.
  path: Assets/Datas/PlayersColorsData.asset
  artifactKey: Guid(97aa0a76eb9c24d4e8369929e18d56c3) Importer(2089858483,934ff659095e30574adcf32a4c2f97b5)
Start importing Assets/Datas/PlayersColorsData.asset using Guid(97aa0a76eb9c24d4e8369929e18d56c3) Importer(2089858483,934ff659095e30574adcf32a4c2f97b5) Generated GUIDs only implemented for interfaces!
 -> (artifact id: '657e8b173af53b4c91f9ba58ffd2ea5e') in 0.009218 seconds 
========================================================================
Received Import Request.
  Time since last request: 0.000018 seconds.
  path: Assets/Sprites/Cards/ponyTriadCardsSheet0012.png
  artifactKey: Guid(5f22bd5be1458f84b95e1652f2559b21) Importer(2089858483,934ff659095e30574adcf32a4c2f97b5)
Start importing Assets/Sprites/Cards/ponyTriadCardsSheet0012.png using Guid(5f22bd5be1458f84b95e1652f2559b21) Importer(2089858483,934ff659095e30574adcf32a4c2f97b5) Generated GUIDs only implemented for interfaces!
 -> (artifact id: '4580789e4f342d70803eef395505ec10') in 0.011470 seconds 
========================================================================
Received Import Request.
  Time since last request: 0.000016 seconds.
  path: Assets/Sprites/Cards/ponyTriadCardsSheet0017.png
  artifactKey: Guid(12e912704c2e3c74fa92a62c57065525) Importer(2089858483,934ff659095e30574adcf32a4c2f97b5)
Start importing Assets/Sprites/Cards/ponyTriadCardsSheet0017.png using Guid(12e912704c2e3c74fa92a62c57065525) Importer(2089858483,934ff659095e30574adcf32a4c2f97b5) Generated GUIDs only implemented for interfaces!
 -> (artifact id: '4b1de03ee6f5207e00e73a96cd409392') in 0.009446 seconds 
========================================================================
Received Import Request.
  Time since last request: 0.000020 seconds.
  path: Assets/Sprites/Cards/ponyTriadCardsSheet0046.png
  artifactKey: Guid(26b30c84b64c8a4458bfc950b7d3434c) Importer(2089858483,934ff659095e30574adcf32a4c2f97b5)
Start importing Assets/Sprites/Cards/ponyTriadCardsSheet0046.png using Guid(26b30c84b64c8a4458bfc950b7d3434c) Importer(2089858483,934ff659095e30574adcf32a4c2f97b5) Generated GUIDs only implemented for interfaces!
 -> (artifact id: '6ad01538e3007e7333d429dbfc800c51') in 0.009672 seconds 
========================================================================
Received Import Request.
  Time since last request: 0.000019 seconds.
  path: Assets/Prefabs/UI/RuleBarItem/Reversed.RuleBarItem.prefab
  artifactKey: Guid(51cf1e8921d16794d9ec5f6dde19ddaf) Importer(2089858483,934ff659095e30574adcf32a4c2f97b5)
Start importing Assets/Prefabs/UI/RuleBarItem/Reversed.RuleBarItem.prefab using Guid(51cf1e8921d16794d9ec5f6dde19ddaf) Importer(2089858483,934ff659095e30574adcf32a4c2f97b5) Generated GUIDs only implemented for interfaces!
 -> (artifact id: '67b60d4ee13d8c6c31024caeaf459b02') in 0.029999 seconds 
========================================================================
Received Prepare
Refreshing native plugins compatible for Editor in 1.97 ms, found 0 plugins.
Preloading 0 native plugins for Editor in 0.00 ms.
Unloading 26 Unused Serialized files (Serialized files now loaded: 0)
Unloading 28 unused Assets / (1.9 MB). Loaded Objects now: 3405.
Memory consumption went from 81.3 MB to 79.4 MB.
Total: 3.829900 ms (FindLiveObjects: 0.327700 ms CreateObjectMapping: 0.083000 ms MarkObjects: 2.861400 ms  DeleteObjects: 0.556900 ms)

AssetImportParameters requested are different than current active one (requested -> active):
  custom:video-decoder-ogg-theora: a1e56fd34408186e4bbccfd4996cb3dc -> 
  custom:container-muxer-webm: aa71ff27fc2769a1b78a27578f13a17b -> 
  custom:container-demuxer-webm: 4f35f7cbe854078d1ac9338744f61a02 -> 
  custom:video-encoder-webm-vp8: eb34c28f22e8b96e1ab97ce403110664 -> 
  custom:audio-encoder-webm-vorbis: bf7c407c2cedff20999df2af8eb42d56 -> 
  custom:framework-win-MediaFoundation: 216162199b28c13a410421893ffa2e32 -> 
  custom:SearchIndexIgnoredProperties: e643bd26f0fe6173181afceb89e7c659 -> 
  custom:container-demuxer-ogg: 62fdf1f143b41e24485cea50d1cbac27 -> 
  custom:video-decoder-webm-vp8: 9c59270c3fd7afecdb556c50c9e8de78 -> 
  custom:audio-decoder-ogg-vorbis: bf7c407c2cedff20999df2af8eb42d56 -> 
Editor requested this worker to shutdown with reason: Scaling down because of idle timeout
AssetImportWorker is now disconnected from the server
Process exiting
Exiting without the bug reporter. Application will terminate with return code 0