Using pre-set license
Built from '2021.3/staging' branch; Version is '2021.3.0f1 (6eacc8284459) revision 7253192'; Using compiler version '192829333'; Build Type 'Release'
OS: 'Windows 10  (10.0.19044) 64bit Professional' Language: 'fr' Physical Memory: 16307 MB
BatchMode: 1, IsHumanControllingUs: 0, StartBugReporterOnCrash: 0, Is64bit: 1, IsPro: 1

COMMAND LINE ARGUMENTS:
C:\Program Files\Unity\Hub\Editor\2021.3.0f1\Editor\Unity.exe
-adb2
-batchMode
-noUpm
-name
AssetImportWorker2
-projectPath
D:/Programmation/Unity/prototypes/PonyTriad
-logFile
Logs/AssetImportWorker2.log
-srvPort
63378
Successfully changed project path to: D:/Programmation/Unity/prototypes/PonyTriad
D:/Programmation/Unity/prototypes/PonyTriad
[UnityMemory] Configuration Parameters - Can be set up in boot.config
    "memorysetup-bucket-allocator-granularity=16"
    "memorysetup-bucket-allocator-bucket-count=8"
    "memorysetup-bucket-allocator-block-size=33554432"
    "memorysetup-bucket-allocator-block-count=8"
    "memorysetup-main-allocator-block-size=16777216"
    "memorysetup-thread-allocator-block-size=16777216"
    "memorysetup-gfx-main-allocator-block-size=16777216"
    "memorysetup-gfx-thread-allocator-block-size=16777216"
    "memorysetup-cache-allocator-block-size=4194304"
    "memorysetup-typetree-allocator-block-size=2097152"
    "memorysetup-profiler-bucket-allocator-granularity=16"
    "memorysetup-profiler-bucket-allocator-bucket-count=8"
    "memorysetup-profiler-bucket-allocator-block-size=33554432"
    "memorysetup-profiler-bucket-allocator-block-count=8"
    "memorysetup-profiler-allocator-block-size=16777216"
    "memorysetup-profiler-editor-allocator-block-size=1048576"
    "memorysetup-temp-allocator-size-main=16777216"
    "memorysetup-job-temp-allocator-block-size=2097152"
    "memorysetup-job-temp-allocator-block-size-background=1048576"
    "memorysetup-job-temp-allocator-reduction-small-platforms=262144"
    "memorysetup-temp-allocator-size-background-worker=32768"
    "memorysetup-temp-allocator-size-job-worker=262144"
    "memorysetup-temp-allocator-size-preload-manager=33554432"
    "memorysetup-temp-allocator-size-nav-mesh-worker=65536"
    "memorysetup-temp-allocator-size-audio-worker=65536"
    "memorysetup-temp-allocator-size-cloud-worker=32768"
    "memorysetup-temp-allocator-size-gi-baking-worker=262144"
    "memorysetup-temp-allocator-size-gfx=262144"
Refreshing native plugins compatible for Editor in 53.69 ms, found 0 plugins.
Preloading 0 native plugins for Editor in 0.00 ms.
Initialize engine version: 2021.3.0f1 (6eacc8284459)
[Subsystems] Discovering subsystems at path C:/Program Files/Unity/Hub/Editor/2021.3.0f1/Editor/Data/Resources/UnitySubsystems
[Subsystems] Discovering subsystems at path D:/Programmation/Unity/prototypes/PonyTriad/Assets
GfxDevice: creating device client; threaded=0; jobified=0
Direct3D:
    Version:  Direct3D 11.0 [level 11.1]
    Renderer: NVIDIA GeForce GTX 1060 6GB (ID=0x1c03)
    Vendor:   NVIDIA
    VRAM:     6052 MB
    Driver:   30.0.15.1215
Initialize mono
Mono path[0] = 'C:/Program Files/Unity/Hub/Editor/2021.3.0f1/Editor/Data/Managed'
Mono path[1] = 'C:/Program Files/Unity/Hub/Editor/2021.3.0f1/Editor/Data/MonoBleedingEdge/lib/mono/unityjit-win32'
Mono config path = 'C:/Program Files/Unity/Hub/Editor/2021.3.0f1/Editor/Data/MonoBleedingEdge/etc'
Using monoOptions --debugger-agent=transport=dt_socket,embedding=1,server=y,suspend=n,address=127.0.0.1:56456
Begin MonoManager ReloadAssembly
Registering precompiled unity dll's ...
Register platform support module: C:/Program Files/Unity/Hub/Editor/2021.3.0f1/Editor/Data/PlaybackEngines/WindowsStandaloneSupport/UnityEditor.WindowsStandalone.Extensions.dll
Registered in 0.007636 seconds.
Native extension for WindowsStandalone target not found
Refreshing native plugins compatible for Editor in 56.72 ms, found 0 plugins.
Preloading 0 native plugins for Editor in 0.00 ms.
Mono: successfully reloaded assembly
- Completed reload, in  0.678 seconds
Domain Reload Profiling:
	ReloadAssembly (679ms)
		BeginReloadAssembly (89ms)
			ExecutionOrderSort (0ms)
			DisableScriptedObjects (0ms)
			BackupInstance (0ms)
			ReleaseScriptingObjects (0ms)
			CreateAndSetChildDomain (1ms)
		EndReloadAssembly (462ms)
			LoadAssemblies (87ms)
			RebuildTransferFunctionScriptingTraits (0ms)
			SetupTypeCache (110ms)
			ReleaseScriptCaches (0ms)
			RebuildScriptCaches (34ms)
			SetupLoadedEditorAssemblies (263ms)
				LogAssemblyErrors (0ms)
				InitializePlatformSupportModulesInManaged (10ms)
				SetLoadedEditorAssemblies (1ms)
				RefreshPlugins (57ms)
				BeforeProcessingInitializeOnLoad (2ms)
				ProcessInitializeOnLoadAttributes (146ms)
				ProcessInitializeOnLoadMethodAttributes (47ms)
				AfterProcessingInitializeOnLoad (0ms)
				EditorAssembliesLoaded (0ms)
			ExecutionOrderSort2 (0ms)
			AwakeInstancesAfterBackupRestoration (0ms)
Platform modules already initialized, skipping
Registering precompiled user dll's ...
Registered in 0.003244 seconds.
Begin MonoManager ReloadAssembly
Native extension for WindowsStandalone target not found
Refreshing native plugins compatible for Editor in 52.72 ms, found 0 plugins.
Preloading 0 native plugins for Editor in 0.00 ms.
Mono: successfully reloaded assembly
- Completed reload, in  0.902 seconds
Domain Reload Profiling:
	ReloadAssembly (903ms)
		BeginReloadAssembly (108ms)
			ExecutionOrderSort (0ms)
			DisableScriptedObjects (6ms)
			BackupInstance (0ms)
			ReleaseScriptingObjects (0ms)
			CreateAndSetChildDomain (19ms)
		EndReloadAssembly (687ms)
			LoadAssemblies (69ms)
			RebuildTransferFunctionScriptingTraits (0ms)
			SetupTypeCache (151ms)
			ReleaseScriptCaches (1ms)
			RebuildScriptCaches (50ms)
			SetupLoadedEditorAssemblies (383ms)
				LogAssemblyErrors (0ms)
				InitializePlatformSupportModulesInManaged (7ms)
				SetLoadedEditorAssemblies (0ms)
				RefreshPlugins (53ms)
				BeforeProcessingInitializeOnLoad (90ms)
				ProcessInitializeOnLoadAttributes (150ms)
				ProcessInitializeOnLoadMethodAttributes (75ms)
				AfterProcessingInitializeOnLoad (8ms)
				EditorAssembliesLoaded (0ms)
			ExecutionOrderSort2 (0ms)
			AwakeInstancesAfterBackupRestoration (5ms)
Platform modules already initialized, skipping
========================================================================
Worker process is ready to serve import requests
Launched and connected shader compiler UnityShaderCompiler.exe after 0.07 seconds
Refreshing native plugins compatible for Editor in 0.62 ms, found 0 plugins.
Preloading 0 native plugins for Editor in 0.00 ms.
Unloading 2949 Unused Serialized files (Serialized files now loaded: 0)
Unloading 31 unused Assets / (1.9 MB). Loaded Objects now: 3404.
Memory consumption went from 147.5 MB to 145.6 MB.
Total: 3.414500 ms (FindLiveObjects: 0.316700 ms CreateObjectMapping: 0.080000 ms MarkObjects: 2.399500 ms  DeleteObjects: 0.617000 ms)

AssetImportParameters requested are different than current active one (requested -> active):
  custom:video-decoder-ogg-theora: a1e56fd34408186e4bbccfd4996cb3dc -> 
  custom:container-muxer-webm: aa71ff27fc2769a1b78a27578f13a17b -> 
  custom:container-demuxer-webm: 4f35f7cbe854078d1ac9338744f61a02 -> 
  custom:video-encoder-webm-vp8: eb34c28f22e8b96e1ab97ce403110664 -> 
  custom:audio-encoder-webm-vorbis: bf7c407c2cedff20999df2af8eb42d56 -> 
  custom:framework-win-MediaFoundation: 216162199b28c13a410421893ffa2e32 -> 
  custom:container-demuxer-ogg: 62fdf1f143b41e24485cea50d1cbac27 -> 
  custom:video-decoder-webm-vp8: 9c59270c3fd7afecdb556c50c9e8de78 -> 
  custom:audio-decoder-ogg-vorbis: bf7c407c2cedff20999df2af8eb42d56 -> 
========================================================================
Received Prepare
Refreshing native plugins compatible for Editor in 1.71 ms, found 0 plugins.
Preloading 0 native plugins for Editor in 0.00 ms.
Unloading 26 Unused Serialized files (Serialized files now loaded: 0)
Unloading 26 unused Assets / (1.9 MB). Loaded Objects now: 3404.
Memory consumption went from 80.2 MB to 78.3 MB.
Total: 3.369100 ms (FindLiveObjects: 0.321900 ms CreateObjectMapping: 0.079600 ms MarkObjects: 2.446600 ms  DeleteObjects: 0.520400 ms)

AssetImportParameters requested are different than current active one (requested -> active):
  custom:video-decoder-ogg-theora: a1e56fd34408186e4bbccfd4996cb3dc -> 
  custom:container-muxer-webm: aa71ff27fc2769a1b78a27578f13a17b -> 
  custom:container-demuxer-webm: 4f35f7cbe854078d1ac9338744f61a02 -> 
  custom:video-encoder-webm-vp8: eb34c28f22e8b96e1ab97ce403110664 -> 
  custom:audio-encoder-webm-vorbis: bf7c407c2cedff20999df2af8eb42d56 -> 
  custom:framework-win-MediaFoundation: 216162199b28c13a410421893ffa2e32 -> 
  custom:SearchIndexIgnoredProperties: e643bd26f0fe6173181afceb89e7c659 -> 
  custom:container-demuxer-ogg: 62fdf1f143b41e24485cea50d1cbac27 -> 
  custom:video-decoder-webm-vp8: 9c59270c3fd7afecdb556c50c9e8de78 -> 
  custom:audio-decoder-ogg-vorbis: bf7c407c2cedff20999df2af8eb42d56 -> 
========================================================================
Received Import Request.
  Time since last request: 1567804.021839 seconds.
  path: Assets/Scenes/GameSceneSettings.lighting
  artifactKey: Guid(214945e8b3f9096498a6096c021485fe) Importer(815301076,1909f56bfc062723c751e8b465ee728b)
Start importing Assets/Scenes/GameSceneSettings.lighting using Guid(214945e8b3f9096498a6096c021485fe) Importer(815301076,1909f56bfc062723c751e8b465ee728b)  -> (artifact id: 'b641d9430faef32b267e9c39c30a43d5') in 0.034460 seconds 
========================================================================
Received Import Request.
  Time since last request: 11.918032 seconds.
  path: Assets/Scenes/MainMenuSettings.lighting
  artifactKey: Guid(3bbe16db3f73ed948982dcd51d1e51fe) Importer(815301076,1909f56bfc062723c751e8b465ee728b)
Start importing Assets/Scenes/MainMenuSettings.lighting using Guid(3bbe16db3f73ed948982dcd51d1e51fe) Importer(815301076,1909f56bfc062723c751e8b465ee728b)  -> (artifact id: 'b0222be89ab5563662217b3ad8ec3853') in 0.005658 seconds 
========================================================================
Received Import Request.
  Time since last request: 1.545040 seconds.
  path: Assets/Scenes/GameScene.unity
  artifactKey: Guid(be046841e5fe1764e924f766966b8dba) Importer(815301076,1909f56bfc062723c751e8b465ee728b)
Start importing Assets/Scenes/GameScene.unity using Guid(be046841e5fe1764e924f766966b8dba) Importer(815301076,1909f56bfc062723c751e8b465ee728b)  -> (artifact id: '0f93f983577de536525d7336cc82b3b9') in 0.007148 seconds 
========================================================================
Received Import Request.
  Time since last request: 2.086304 seconds.
  path: Assets/Scenes/MainMenu.unity
  artifactKey: Guid(0b1def97a8cb0024f80231db6b9c8d43) Importer(815301076,1909f56bfc062723c751e8b465ee728b)
Start importing Assets/Scenes/MainMenu.unity using Guid(0b1def97a8cb0024f80231db6b9c8d43) Importer(815301076,1909f56bfc062723c751e8b465ee728b)  -> (artifact id: 'b18cd6f5b87dd2927ad9e9573b136eed') in 0.005711 seconds 
========================================================================
Received Import Request.
  Time since last request: 144.561187 seconds.
  path: Assets/Scenes/GameScene.unity
  artifactKey: Guid(be046841e5fe1764e924f766966b8dba) Importer(2089858483,934ff659095e30574adcf32a4c2f97b5)
Start importing Assets/Scenes/GameScene.unity using Guid(be046841e5fe1764e924f766966b8dba) Importer(2089858483,934ff659095e30574adcf32a4c2f97b5) Generated GUIDs only implemented for interfaces!
 -> (artifact id: '9829c9b5e4c0cb53e409ae5a94d13703') in 0.115740 seconds 
========================================================================
Received Import Request.
  Time since last request: 8.556444 seconds.
  path: Assets/_Plugins
  artifactKey: Guid(1775f74efde821746b4dadc700bd68cf) Importer(815301076,1909f56bfc062723c751e8b465ee728b)
Start importing Assets/_Plugins using Guid(1775f74efde821746b4dadc700bd68cf) Importer(815301076,1909f56bfc062723c751e8b465ee728b)  -> (artifact id: '33e2002d49320ab9487afff5ec21be9f') in 0.005288 seconds 
========================================================================
Received Import Request.
  Time since last request: 2.511340 seconds.
  path: Assets/_Plugins/Demigiant
  artifactKey: Guid(6ff2943cf9f0fe4429294c84275b8df7) Importer(815301076,1909f56bfc062723c751e8b465ee728b)
Start importing Assets/_Plugins/Demigiant using Guid(6ff2943cf9f0fe4429294c84275b8df7) Importer(815301076,1909f56bfc062723c751e8b465ee728b)  -> (artifact id: 'be0b3e1913ea173e80d70749dff932db') in 0.005658 seconds 
========================================================================
Received Import Request.
  Time since last request: 103.950809 seconds.
  path: Assets/_Plugins/TextMesh Pro
  artifactKey: Guid(f54d1bd14bd3ca042bd867b519fee8cc) Importer(815301076,1909f56bfc062723c751e8b465ee728b)
Start importing Assets/_Plugins/TextMesh Pro using Guid(f54d1bd14bd3ca042bd867b519fee8cc) Importer(815301076,1909f56bfc062723c751e8b465ee728b)  -> (artifact id: 'f5648c5ef36b7beab651a001a8d08867') in 0.006708 seconds 
========================================================================
Received Prepare
Registering precompiled user dll's ...
Registered in 0.002403 seconds.
Begin MonoManager ReloadAssembly
Native extension for WindowsStandalone target not found
Refreshing native plugins compatible for Editor in 0.60 ms, found 0 plugins.
Preloading 0 native plugins for Editor in 0.00 ms.
Mono: successfully reloaded assembly
- Completed reload, in  0.880 seconds
Domain Reload Profiling:
	ReloadAssembly (881ms)
		BeginReloadAssembly (125ms)
			ExecutionOrderSort (0ms)
			DisableScriptedObjects (6ms)
			BackupInstance (0ms)
			ReleaseScriptingObjects (0ms)
			CreateAndSetChildDomain (38ms)
		EndReloadAssembly (665ms)
			LoadAssemblies (69ms)
			RebuildTransferFunctionScriptingTraits (0ms)
			SetupTypeCache (159ms)
			ReleaseScriptCaches (2ms)
			RebuildScriptCaches (55ms)
			SetupLoadedEditorAssemblies (346ms)
				LogAssemblyErrors (0ms)
				InitializePlatformSupportModulesInManaged (11ms)
				SetLoadedEditorAssemblies (0ms)
				RefreshPlugins (1ms)
				BeforeProcessingInitializeOnLoad (86ms)
				ProcessInitializeOnLoadAttributes (170ms)
				ProcessInitializeOnLoadMethodAttributes (69ms)
				AfterProcessingInitializeOnLoad (10ms)
				EditorAssembliesLoaded (0ms)
			ExecutionOrderSort2 (0ms)
			AwakeInstancesAfterBackupRestoration (7ms)
Platform modules already initialized, skipping
Refreshing native plugins compatible for Editor in 0.92 ms, found 0 plugins.
Preloading 0 native plugins for Editor in 0.00 ms.
Unloading 2836 Unused Serialized files (Serialized files now loaded: 0)
Unloading 26 unused Assets / (1.9 MB). Loaded Objects now: 3407.
Memory consumption went from 136.7 MB to 134.8 MB.
Total: 3.363700 ms (FindLiveObjects: 0.303300 ms CreateObjectMapping: 0.072800 ms MarkObjects: 2.369300 ms  DeleteObjects: 0.617000 ms)

AssetImportParameters requested are different than current active one (requested -> active):
  custom:video-decoder-ogg-theora: a1e56fd34408186e4bbccfd4996cb3dc -> 
  custom:container-muxer-webm: aa71ff27fc2769a1b78a27578f13a17b -> 
  custom:container-demuxer-webm: 4f35f7cbe854078d1ac9338744f61a02 -> 
  custom:video-encoder-webm-vp8: eb34c28f22e8b96e1ab97ce403110664 -> 
  custom:audio-encoder-webm-vorbis: bf7c407c2cedff20999df2af8eb42d56 -> 
  custom:framework-win-MediaFoundation: 216162199b28c13a410421893ffa2e32 -> 
  custom:SearchIndexIgnoredProperties: e643bd26f0fe6173181afceb89e7c659 -> 
  custom:container-demuxer-ogg: 62fdf1f143b41e24485cea50d1cbac27 -> 
  custom:video-decoder-webm-vp8: 9c59270c3fd7afecdb556c50c9e8de78 -> 
  custom:audio-decoder-ogg-vorbis: bf7c407c2cedff20999df2af8eb42d56 -> 
========================================================================
Received Import Request.
  Time since last request: 387.245094 seconds.
  path: Assets/Scenes/GameScene.unity
  artifactKey: Guid(be046841e5fe1764e924f766966b8dba) Importer(815301076,1909f56bfc062723c751e8b465ee728b)
Start importing Assets/Scenes/GameScene.unity using Guid(be046841e5fe1764e924f766966b8dba) Importer(815301076,1909f56bfc062723c751e8b465ee728b)  -> (artifact id: '5b173b10f4fdfb458cbc515504d35563') in 0.007455 seconds 
========================================================================
Received Prepare
Registering precompiled user dll's ...
Registered in 0.001914 seconds.
Begin MonoManager ReloadAssembly
Native extension for WindowsStandalone target not found
Refreshing native plugins compatible for Editor in 0.61 ms, found 0 plugins.
Preloading 0 native plugins for Editor in 0.00 ms.
Mono: successfully reloaded assembly
- Completed reload, in  0.861 seconds
Domain Reload Profiling:
	ReloadAssembly (862ms)
		BeginReloadAssembly (117ms)
			ExecutionOrderSort (0ms)
			DisableScriptedObjects (5ms)
			BackupInstance (0ms)
			ReleaseScriptingObjects (0ms)
			CreateAndSetChildDomain (26ms)
		EndReloadAssembly (658ms)
			LoadAssemblies (113ms)
			RebuildTransferFunctionScriptingTraits (0ms)
			SetupTypeCache (148ms)
			ReleaseScriptCaches (2ms)
			RebuildScriptCaches (52ms)
			SetupLoadedEditorAssemblies (317ms)
				LogAssemblyErrors (0ms)
				InitializePlatformSupportModulesInManaged (11ms)
				SetLoadedEditorAssemblies (0ms)
				RefreshPlugins (1ms)
				BeforeProcessingInitializeOnLoad (79ms)
				ProcessInitializeOnLoadAttributes (147ms)
				ProcessInitializeOnLoadMethodAttributes (71ms)
				AfterProcessingInitializeOnLoad (9ms)
				EditorAssembliesLoaded (0ms)
			ExecutionOrderSort2 (0ms)
			AwakeInstancesAfterBackupRestoration (5ms)
Platform modules already initialized, skipping
Refreshing native plugins compatible for Editor in 0.96 ms, found 0 plugins.
Preloading 0 native plugins for Editor in 0.00 ms.
Unloading 2838 Unused Serialized files (Serialized files now loaded: 0)
Unloading 28 unused Assets / (2.0 MB). Loaded Objects now: 3410.
Memory consumption went from 137.1 MB to 135.1 MB.
Total: 3.303300 ms (FindLiveObjects: 0.271000 ms CreateObjectMapping: 0.070400 ms MarkObjects: 2.207700 ms  DeleteObjects: 0.753100 ms)

AssetImportParameters requested are different than current active one (requested -> active):
  custom:video-decoder-ogg-theora: a1e56fd34408186e4bbccfd4996cb3dc -> 
  custom:container-muxer-webm: aa71ff27fc2769a1b78a27578f13a17b -> 
  custom:container-demuxer-webm: 4f35f7cbe854078d1ac9338744f61a02 -> 
  custom:video-encoder-webm-vp8: eb34c28f22e8b96e1ab97ce403110664 -> 
  custom:audio-encoder-webm-vorbis: bf7c407c2cedff20999df2af8eb42d56 -> 
  custom:framework-win-MediaFoundation: 216162199b28c13a410421893ffa2e32 -> 
  custom:SearchIndexIgnoredProperties: e643bd26f0fe6173181afceb89e7c659 -> 
  custom:container-demuxer-ogg: 62fdf1f143b41e24485cea50d1cbac27 -> 
  custom:video-decoder-webm-vp8: 9c59270c3fd7afecdb556c50c9e8de78 -> 
  custom:audio-decoder-ogg-vorbis: bf7c407c2cedff20999df2af8eb42d56 -> 
========================================================================
Received Prepare
Registering precompiled user dll's ...
Registered in 0.001959 seconds.
Begin MonoManager ReloadAssembly
Native extension for WindowsStandalone target not found
Refreshing native plugins compatible for Editor in 0.65 ms, found 0 plugins.
Preloading 0 native plugins for Editor in 0.00 ms.
Mono: successfully reloaded assembly
- Completed reload, in  0.861 seconds
Domain Reload Profiling:
	ReloadAssembly (862ms)
		BeginReloadAssembly (108ms)
			ExecutionOrderSort (0ms)
			DisableScriptedObjects (5ms)
			BackupInstance (0ms)
			ReleaseScriptingObjects (0ms)
			CreateAndSetChildDomain (25ms)
		EndReloadAssembly (662ms)
			LoadAssemblies (66ms)
			RebuildTransferFunctionScriptingTraits (0ms)
			SetupTypeCache (158ms)
			ReleaseScriptCaches (2ms)
			RebuildScriptCaches (56ms)
			SetupLoadedEditorAssemblies (343ms)
				LogAssemblyErrors (0ms)
				InitializePlatformSupportModulesInManaged (13ms)
				SetLoadedEditorAssemblies (0ms)
				RefreshPlugins (1ms)
				BeforeProcessingInitializeOnLoad (79ms)
				ProcessInitializeOnLoadAttributes (156ms)
				ProcessInitializeOnLoadMethodAttributes (84ms)
				AfterProcessingInitializeOnLoad (11ms)
				EditorAssembliesLoaded (0ms)
			ExecutionOrderSort2 (0ms)
			AwakeInstancesAfterBackupRestoration (6ms)
Platform modules already initialized, skipping
Refreshing native plugins compatible for Editor in 1.00 ms, found 0 plugins.
Preloading 0 native plugins for Editor in 0.00 ms.
Unloading 2838 Unused Serialized files (Serialized files now loaded: 0)
Unloading 28 unused Assets / (2.0 MB). Loaded Objects now: 3413.
Memory consumption went from 137.1 MB to 135.1 MB.
Total: 3.281100 ms (FindLiveObjects: 0.285900 ms CreateObjectMapping: 0.077700 ms MarkObjects: 2.314000 ms  DeleteObjects: 0.602300 ms)

AssetImportParameters requested are different than current active one (requested -> active):
  custom:video-decoder-ogg-theora: a1e56fd34408186e4bbccfd4996cb3dc -> 
  custom:container-muxer-webm: aa71ff27fc2769a1b78a27578f13a17b -> 
  custom:container-demuxer-webm: 4f35f7cbe854078d1ac9338744f61a02 -> 
  custom:video-encoder-webm-vp8: eb34c28f22e8b96e1ab97ce403110664 -> 
  custom:audio-encoder-webm-vorbis: bf7c407c2cedff20999df2af8eb42d56 -> 
  custom:framework-win-MediaFoundation: 216162199b28c13a410421893ffa2e32 -> 
  custom:SearchIndexIgnoredProperties: e643bd26f0fe6173181afceb89e7c659 -> 
  custom:container-demuxer-ogg: 62fdf1f143b41e24485cea50d1cbac27 -> 
  custom:video-decoder-webm-vp8: 9c59270c3fd7afecdb556c50c9e8de78 -> 
  custom:audio-decoder-ogg-vorbis: bf7c407c2cedff20999df2af8eb42d56 -> 
========================================================================
Received Import Request.
  Time since last request: 282.091202 seconds.
  path: Assets/Prefabs/UI/SelectButton.prefab
  artifactKey: Guid(1a6538d0a86b69a4fa6aec5f172c70c7) Importer(815301076,1909f56bfc062723c751e8b465ee728b)
Start importing Assets/Prefabs/UI/SelectButton.prefab using Guid(1a6538d0a86b69a4fa6aec5f172c70c7) Importer(815301076,1909f56bfc062723c751e8b465ee728b)  -> (artifact id: '70925a36d1cc9c92e6a2dd9b70903246') in 0.214707 seconds 
========================================================================
Received Prepare
Registering precompiled user dll's ...
Registered in 0.001993 seconds.
Begin MonoManager ReloadAssembly
Native extension for WindowsStandalone target not found
Refreshing native plugins compatible for Editor in 0.81 ms, found 0 plugins.
Preloading 0 native plugins for Editor in 0.00 ms.
Mono: successfully reloaded assembly
- Completed reload, in  0.834 seconds
Domain Reload Profiling:
	ReloadAssembly (835ms)
		BeginReloadAssembly (113ms)
			ExecutionOrderSort (0ms)
			DisableScriptedObjects (5ms)
			BackupInstance (0ms)
			ReleaseScriptingObjects (0ms)
			CreateAndSetChildDomain (28ms)
		EndReloadAssembly (632ms)
			LoadAssemblies (71ms)
			RebuildTransferFunctionScriptingTraits (0ms)
			SetupTypeCache (158ms)
			ReleaseScriptCaches (2ms)
			RebuildScriptCaches (51ms)
			SetupLoadedEditorAssemblies (318ms)
				LogAssemblyErrors (0ms)
				InitializePlatformSupportModulesInManaged (12ms)
				SetLoadedEditorAssemblies (1ms)
				RefreshPlugins (1ms)
				BeforeProcessingInitializeOnLoad (83ms)
				ProcessInitializeOnLoadAttributes (143ms)
				ProcessInitializeOnLoadMethodAttributes (68ms)
				AfterProcessingInitializeOnLoad (10ms)
				EditorAssembliesLoaded (0ms)
			ExecutionOrderSort2 (0ms)
			AwakeInstancesAfterBackupRestoration (6ms)
Platform modules already initialized, skipping
Refreshing native plugins compatible for Editor in 1.04 ms, found 0 plugins.
Preloading 0 native plugins for Editor in 0.00 ms.
Unloading 2838 Unused Serialized files (Serialized files now loaded: 0)
Unloading 28 unused Assets / (2.0 MB). Loaded Objects now: 3416.
Memory consumption went from 137.1 MB to 135.2 MB.
Total: 3.319800 ms (FindLiveObjects: 0.308600 ms CreateObjectMapping: 0.071000 ms MarkObjects: 2.265200 ms  DeleteObjects: 0.673200 ms)

AssetImportParameters requested are different than current active one (requested -> active):
  custom:video-decoder-ogg-theora: a1e56fd34408186e4bbccfd4996cb3dc -> 
  custom:container-muxer-webm: aa71ff27fc2769a1b78a27578f13a17b -> 
  custom:container-demuxer-webm: 4f35f7cbe854078d1ac9338744f61a02 -> 
  custom:video-encoder-webm-vp8: eb34c28f22e8b96e1ab97ce403110664 -> 
  custom:audio-encoder-webm-vorbis: bf7c407c2cedff20999df2af8eb42d56 -> 
  custom:framework-win-MediaFoundation: 216162199b28c13a410421893ffa2e32 -> 
  custom:SearchIndexIgnoredProperties: e643bd26f0fe6173181afceb89e7c659 -> 
  custom:container-demuxer-ogg: 62fdf1f143b41e24485cea50d1cbac27 -> 
  custom:video-decoder-webm-vp8: 9c59270c3fd7afecdb556c50c9e8de78 -> 
  custom:audio-decoder-ogg-vorbis: bf7c407c2cedff20999df2af8eb42d56 -> 
========================================================================
Received Prepare
Registering precompiled user dll's ...
Registered in 0.002658 seconds.
Begin MonoManager ReloadAssembly
Native extension for WindowsStandalone target not found
Refreshing native plugins compatible for Editor in 0.60 ms, found 0 plugins.
Preloading 0 native plugins for Editor in 0.00 ms.
Mono: successfully reloaded assembly
- Completed reload, in  0.847 seconds
Domain Reload Profiling:
	ReloadAssembly (848ms)
		BeginReloadAssembly (118ms)
			ExecutionOrderSort (0ms)
			DisableScriptedObjects (6ms)
			BackupInstance (0ms)
			ReleaseScriptingObjects (0ms)
			CreateAndSetChildDomain (26ms)
		EndReloadAssembly (637ms)
			LoadAssemblies (73ms)
			RebuildTransferFunctionScriptingTraits (0ms)
			SetupTypeCache (159ms)
			ReleaseScriptCaches (2ms)
			RebuildScriptCaches (59ms)
			SetupLoadedEditorAssemblies (320ms)
				LogAssemblyErrors (0ms)
				InitializePlatformSupportModulesInManaged (11ms)
				SetLoadedEditorAssemblies (0ms)
				RefreshPlugins (1ms)
				BeforeProcessingInitializeOnLoad (77ms)
				ProcessInitializeOnLoadAttributes (152ms)
				ProcessInitializeOnLoadMethodAttributes (69ms)
				AfterProcessingInitializeOnLoad (10ms)
				EditorAssembliesLoaded (0ms)
			ExecutionOrderSort2 (0ms)
			AwakeInstancesAfterBackupRestoration (6ms)
Platform modules already initialized, skipping
Refreshing native plugins compatible for Editor in 0.95 ms, found 0 plugins.
Preloading 0 native plugins for Editor in 0.00 ms.
Unloading 2838 Unused Serialized files (Serialized files now loaded: 0)
Unloading 28 unused Assets / (2.0 MB). Loaded Objects now: 3419.
Memory consumption went from 137.2 MB to 135.2 MB.
Total: 3.339700 ms (FindLiveObjects: 0.308700 ms CreateObjectMapping: 0.068900 ms MarkObjects: 2.272200 ms  DeleteObjects: 0.687600 ms)

AssetImportParameters requested are different than current active one (requested -> active):
  custom:video-decoder-ogg-theora: a1e56fd34408186e4bbccfd4996cb3dc -> 
  custom:container-muxer-webm: aa71ff27fc2769a1b78a27578f13a17b -> 
  custom:container-demuxer-webm: 4f35f7cbe854078d1ac9338744f61a02 -> 
  custom:video-encoder-webm-vp8: eb34c28f22e8b96e1ab97ce403110664 -> 
  custom:audio-encoder-webm-vorbis: bf7c407c2cedff20999df2af8eb42d56 -> 
  custom:framework-win-MediaFoundation: 216162199b28c13a410421893ffa2e32 -> 
  custom:SearchIndexIgnoredProperties: e643bd26f0fe6173181afceb89e7c659 -> 
  custom:container-demuxer-ogg: 62fdf1f143b41e24485cea50d1cbac27 -> 
  custom:video-decoder-webm-vp8: 9c59270c3fd7afecdb556c50c9e8de78 -> 
  custom:audio-decoder-ogg-vorbis: bf7c407c2cedff20999df2af8eb42d56 -> 
========================================================================
Received Prepare
Registering precompiled user dll's ...
Registered in 0.002929 seconds.
Begin MonoManager ReloadAssembly
Native extension for WindowsStandalone target not found
Refreshing native plugins compatible for Editor in 0.61 ms, found 0 plugins.
Preloading 0 native plugins for Editor in 0.00 ms.
Mono: successfully reloaded assembly
- Completed reload, in  0.854 seconds
Domain Reload Profiling:
	ReloadAssembly (855ms)
		BeginReloadAssembly (120ms)
			ExecutionOrderSort (0ms)
			DisableScriptedObjects (6ms)
			BackupInstance (0ms)
			ReleaseScriptingObjects (0ms)
			CreateAndSetChildDomain (29ms)
		EndReloadAssembly (642ms)
			LoadAssemblies (70ms)
			RebuildTransferFunctionScriptingTraits (0ms)
			SetupTypeCache (155ms)
			ReleaseScriptCaches (2ms)
			RebuildScriptCaches (53ms)
			SetupLoadedEditorAssemblies (334ms)
				LogAssemblyErrors (0ms)
				InitializePlatformSupportModulesInManaged (11ms)
				SetLoadedEditorAssemblies (0ms)
				RefreshPlugins (1ms)
				BeforeProcessingInitializeOnLoad (88ms)
				ProcessInitializeOnLoadAttributes (152ms)
				ProcessInitializeOnLoadMethodAttributes (73ms)
				AfterProcessingInitializeOnLoad (8ms)
				EditorAssembliesLoaded (0ms)
			ExecutionOrderSort2 (0ms)
			AwakeInstancesAfterBackupRestoration (5ms)
Platform modules already initialized, skipping
Refreshing native plugins compatible for Editor in 0.92 ms, found 0 plugins.
Preloading 0 native plugins for Editor in 0.00 ms.
Unloading 2838 Unused Serialized files (Serialized files now loaded: 0)
Unloading 28 unused Assets / (2.0 MB). Loaded Objects now: 3422.
Memory consumption went from 137.2 MB to 135.2 MB.
Total: 3.200400 ms (FindLiveObjects: 0.256500 ms CreateObjectMapping: 0.075100 ms MarkObjects: 2.242600 ms  DeleteObjects: 0.625300 ms)

AssetImportParameters requested are different than current active one (requested -> active):
  custom:video-decoder-ogg-theora: a1e56fd34408186e4bbccfd4996cb3dc -> 
  custom:container-muxer-webm: aa71ff27fc2769a1b78a27578f13a17b -> 
  custom:container-demuxer-webm: 4f35f7cbe854078d1ac9338744f61a02 -> 
  custom:video-encoder-webm-vp8: eb34c28f22e8b96e1ab97ce403110664 -> 
  custom:audio-encoder-webm-vorbis: bf7c407c2cedff20999df2af8eb42d56 -> 
  custom:framework-win-MediaFoundation: 216162199b28c13a410421893ffa2e32 -> 
  custom:SearchIndexIgnoredProperties: e643bd26f0fe6173181afceb89e7c659 -> 
  custom:container-demuxer-ogg: 62fdf1f143b41e24485cea50d1cbac27 -> 
  custom:video-decoder-webm-vp8: 9c59270c3fd7afecdb556c50c9e8de78 -> 
  custom:audio-decoder-ogg-vorbis: bf7c407c2cedff20999df2af8eb42d56 -> 
========================================================================
Received Import Request.
  Time since last request: 252.274385 seconds.
  path: Assets/Datas/PlayersColorsData.asset
  artifactKey: Guid(97aa0a76eb9c24d4e8369929e18d56c3) Importer(815301076,1909f56bfc062723c751e8b465ee728b)
Start importing Assets/Datas/PlayersColorsData.asset using Guid(97aa0a76eb9c24d4e8369929e18d56c3) Importer(815301076,1909f56bfc062723c751e8b465ee728b)  -> (artifact id: '8e61821162c75eed859333f4969632f7') in 0.035909 seconds 
========================================================================
Received Import Request.
  Time since last request: 18.855788 seconds.
  path: Assets/Datas/Cards
  artifactKey: Guid(361fba0e2eff63a42a0186bfd0dee1ea) Importer(815301076,1909f56bfc062723c751e8b465ee728b)
Start importing Assets/Datas/Cards using Guid(361fba0e2eff63a42a0186bfd0dee1ea) Importer(815301076,1909f56bfc062723c751e8b465ee728b)  -> (artifact id: 'fe1b07fa96e085ef068de8da843ed311') in 0.005495 seconds 
========================================================================
Received Import Request.
  Time since last request: 2.093425 seconds.
  path: Assets/Datas/Cards/CardLevel7.asset
  artifactKey: Guid(db63e29bcfe488f48835338887783e16) Importer(815301076,1909f56bfc062723c751e8b465ee728b)
Start importing Assets/Datas/Cards/CardLevel7.asset using Guid(db63e29bcfe488f48835338887783e16) Importer(815301076,1909f56bfc062723c751e8b465ee728b)  -> (artifact id: '401fc076bbdd03929ec0e4377bdd5b12') in 0.182597 seconds 
========================================================================
Received Import Request.
  Time since last request: 11.475063 seconds.
  path: Assets/Datas/Cards/CardLevel1.asset
  artifactKey: Guid(7f67b4f510890f243924879c471acee8) Importer(815301076,1909f56bfc062723c751e8b465ee728b)
Start importing Assets/Datas/Cards/CardLevel1.asset using Guid(7f67b4f510890f243924879c471acee8) Importer(815301076,1909f56bfc062723c751e8b465ee728b)  -> (artifact id: 'f990fafc543b44d1332e55c3c4ad84a9') in 0.102907 seconds 
========================================================================
Received Import Request.
  Time since last request: 2.354701 seconds.
  path: Assets/Datas/Cards/CardLevel2.asset
  artifactKey: Guid(5d868e3ab5eb7964b8a33dee47d0e60b) Importer(815301076,1909f56bfc062723c751e8b465ee728b)
Start importing Assets/Datas/Cards/CardLevel2.asset using Guid(5d868e3ab5eb7964b8a33dee47d0e60b) Importer(815301076,1909f56bfc062723c751e8b465ee728b)  -> (artifact id: '175e32222c1c29bc591a72ba0adf0fd1') in 0.099899 seconds 
========================================================================
Received Import Request.
  Time since last request: 0.587376 seconds.
  path: Assets/Datas/Cards/CardLevel3.asset
  artifactKey: Guid(26e16fce871826340a62e2b0f76f0fba) Importer(815301076,1909f56bfc062723c751e8b465ee728b)
Start importing Assets/Datas/Cards/CardLevel3.asset using Guid(26e16fce871826340a62e2b0f76f0fba) Importer(815301076,1909f56bfc062723c751e8b465ee728b)  -> (artifact id: 'e943e8a30d7b880f7347f59a57746482') in 0.119259 seconds 
========================================================================
Received Import Request.
  Time since last request: 0.044561 seconds.
  path: Assets/Datas/Cards/CardLevel4.asset
  artifactKey: Guid(79cf9c7a43c0fce43afe1d931ba6ab2b) Importer(815301076,1909f56bfc062723c751e8b465ee728b)
Start importing Assets/Datas/Cards/CardLevel4.asset using Guid(79cf9c7a43c0fce43afe1d931ba6ab2b) Importer(815301076,1909f56bfc062723c751e8b465ee728b)  -> (artifact id: 'd2042e68def6906fe795f625d50a85e9') in 0.088712 seconds 
========================================================================
Received Import Request.
  Time since last request: 0.070677 seconds.
  path: Assets/Datas/Cards/CardLevel5.asset
  artifactKey: Guid(236e0f7590eb214409119649530e4398) Importer(815301076,1909f56bfc062723c751e8b465ee728b)
Start importing Assets/Datas/Cards/CardLevel5.asset using Guid(236e0f7590eb214409119649530e4398) Importer(815301076,1909f56bfc062723c751e8b465ee728b)  -> (artifact id: 'a8e7d35994ac8b294afc0872aaa9784a') in 0.111386 seconds 
========================================================================
Received Import Request.
  Time since last request: 0.045240 seconds.
  path: Assets/Datas/Cards/CardLevel6.asset
  artifactKey: Guid(8d55144bf7d2f714e90dff44f5313a6d) Importer(815301076,1909f56bfc062723c751e8b465ee728b)
Start importing Assets/Datas/Cards/CardLevel6.asset using Guid(8d55144bf7d2f714e90dff44f5313a6d) Importer(815301076,1909f56bfc062723c751e8b465ee728b)  -> (artifact id: 'cb960db2e4580143bd0a46662660833c') in 0.114522 seconds 
========================================================================
Received Import Request.
  Time since last request: 0.212252 seconds.
  path: Assets/Datas/Cards/CardLevel8.asset
  artifactKey: Guid(6266c669e370cd14f9d98b48c68850e0) Importer(815301076,1909f56bfc062723c751e8b465ee728b)
Start importing Assets/Datas/Cards/CardLevel8.asset using Guid(6266c669e370cd14f9d98b48c68850e0) Importer(815301076,1909f56bfc062723c751e8b465ee728b)  -> (artifact id: '65d829460a4d9247807f50896d1e95fe') in 0.099044 seconds 
========================================================================
Received Import Request.
  Time since last request: 0.043321 seconds.
  path: Assets/Datas/Cards/CardLevel9.asset
  artifactKey: Guid(18f79b90af4a26444b506baf63fe1efd) Importer(815301076,1909f56bfc062723c751e8b465ee728b)
Start importing Assets/Datas/Cards/CardLevel9.asset using Guid(18f79b90af4a26444b506baf63fe1efd) Importer(815301076,1909f56bfc062723c751e8b465ee728b)  -> (artifact id: 'd7029ce15812e157c2714b53af370704') in 0.101831 seconds 
========================================================================
Received Import Request.
  Time since last request: 3.331531 seconds.
  path: Assets/Datas/Cards/CardLevel10.asset
  artifactKey: Guid(34e52d8e0309d324ca8896eeb4025cf1) Importer(815301076,1909f56bfc062723c751e8b465ee728b)
Start importing Assets/Datas/Cards/CardLevel10.asset using Guid(34e52d8e0309d324ca8896eeb4025cf1) Importer(815301076,1909f56bfc062723c751e8b465ee728b)  -> (artifact id: 'a3db147f8c92fc8f0ea16268c011065a') in 0.100277 seconds 
========================================================================
Received Import Request.
  Time since last request: 1.665345 seconds.
  path: Assets/Datas/Cards/CardsByLevel
  artifactKey: Guid(7be4df0419e18f745bb6f07f7319341d) Importer(815301076,1909f56bfc062723c751e8b465ee728b)
Start importing Assets/Datas/Cards/CardsByLevel using Guid(7be4df0419e18f745bb6f07f7319341d) Importer(815301076,1909f56bfc062723c751e8b465ee728b)  -> (artifact id: '0a0c72ab4045c8473aafbe104a6399fc') in 0.007320 seconds 
========================================================================
Received Import Request.
  Time since last request: 3.025441 seconds.
  path: Assets/Datas/Cards/CardsByLevel/Level1
  artifactKey: Guid(85adfff30217abe4ca3c72c01d210679) Importer(815301076,1909f56bfc062723c751e8b465ee728b)
Start importing Assets/Datas/Cards/CardsByLevel/Level1 using Guid(85adfff30217abe4ca3c72c01d210679) Importer(815301076,1909f56bfc062723c751e8b465ee728b)  -> (artifact id: '7c96ed5b35a8a1fba715231b939ad900') in 0.005919 seconds 
========================================================================
Received Import Request.
  Time since last request: 1.038817 seconds.
  path: Assets/Datas/Cards/CardsByLevel/TestCardData.asset
  artifactKey: Guid(72695ef0ec622ae40baf27a5103ec570) Importer(815301076,1909f56bfc062723c751e8b465ee728b)
Start importing Assets/Datas/Cards/CardsByLevel/TestCardData.asset using Guid(72695ef0ec622ae40baf27a5103ec570) Importer(815301076,1909f56bfc062723c751e8b465ee728b)  -> (artifact id: 'e72f2c5a5561ef901d8b60e0fa641e26') in 0.030529 seconds 
========================================================================
Received Import Request.
  Time since last request: 23.903606 seconds.
  path: Assets/Datas
  artifactKey: Guid(329e3106d03567c41b449d5553332221) Importer(815301076,1909f56bfc062723c751e8b465ee728b)
Start importing Assets/Datas using Guid(329e3106d03567c41b449d5553332221) Importer(815301076,1909f56bfc062723c751e8b465ee728b)  -> (artifact id: '139b6b451a1c983efa5c4bba4ab3d3c4') in 0.006379 seconds 
========================================================================
Received Import Request.
  Time since last request: 3.192744 seconds.
  path: Assets/Datas/Cards/CardsByLevel/Level2
  artifactKey: Guid(440b93fb17b6bf24ab40bb1355e33870) Importer(815301076,1909f56bfc062723c751e8b465ee728b)
Start importing Assets/Datas/Cards/CardsByLevel/Level2 using Guid(440b93fb17b6bf24ab40bb1355e33870) Importer(815301076,1909f56bfc062723c751e8b465ee728b)  -> (artifact id: '641cc87de3a15a62f48a85cbdde2fbd4') in 0.006128 seconds 
========================================================================
Received Import Request.
  Time since last request: 1.264099 seconds.
  path: Assets/Datas/Cards/CardsByLevel/Level2/NouvelleCarte.asset
  artifactKey: Guid(e92c976f5321f0b49bdfac2037c1743a) Importer(815301076,1909f56bfc062723c751e8b465ee728b)
Start importing Assets/Datas/Cards/CardsByLevel/Level2/NouvelleCarte.asset using Guid(e92c976f5321f0b49bdfac2037c1743a) Importer(815301076,1909f56bfc062723c751e8b465ee728b)  -> (artifact id: 'e0c620a86813c53d35f2095a27c15cfc') in 0.006822 seconds 
